#
# There is insufficient memory for the Java Runtime Environment to continue.
# Native memory allocation (mmap) failed to map 65536 bytes for Failed to commit metaspace.
# Possible reasons:
#   The system is out of physical RAM or swap space
#   The process is running with CompressedOops enabled, and the Java Heap may be blocking the growth of the native heap
# Possible solutions:
#   Reduce memory load on the system
#   Increase physical memory or swap space
#   Check if swap backing store is full
#   Decrease Java heap size (-Xmx/-Xms)
#   Decrease number of Java threads
#   Decrease Java thread stack sizes (-Xss)
#   Set larger code cache with -XX:ReservedCodeCacheSize=
#   JVM is running with Unscaled Compressed Oops mode in which the Java heap is
#     placed in the first 4GB address space. The Java Heap base address is the
#     maximum limit for the native heap growth. Please use -XX:HeapBaseMinAddress
#     to set the Java Heap base and to place the Java Heap above 4GB virtual address.
# This output file may be truncated or incomplete.
#
#  Out of Memory Error (virtualSpaceNode.cpp:110), pid=23332, tid=23392
#
# JRE version: Java(TM) SE Runtime Environment (17.0.2+8) (build 17.0.2+8-LTS-86)
# Java VM: Java HotSpot(TM) 64-Bit Server VM (17.0.2+8-LTS-86, mixed mode, sharing, tiered, compressed oops, compressed class ptrs, g1 gc, windows-amd64)
# No core dump will be written. Minidumps are not enabled by default on client versions of Windows
#

---------------  S U M M A R Y ------------

Command Line: -Dfile.encoding=UTF-8 --module-path=C:\Users\amirs\Documents\NetBeansProjects\Hotel Management System\build\classes hotel.management.system.AddRooms

Host: AMD Ryzen 3 4300U with Radeon Graphics         , 4 cores, 7G,  Windows 11 , 64 bit Build 22621 (10.0.22621.1344)
Time: Tue Mar 14 11:21:27 2023 India Standard Time elapsed time: 0.248516 seconds (0d 0h 0m 0s)

---------------  T H R E A D  ---------------

Current thread (0x00000137fe7ca110):  JavaThread "main" [_thread_in_vm, id=23392, stack(0x00000025cc200000,0x00000025cc300000)]

Stack: [0x00000025cc200000,0x00000025cc300000]
Native frames: (J=compiled Java code, j=interpreted, Vv=VM code, C=native code)
V  [jvm.dll+0x670baa]
V  [jvm.dll+0x7cfcb4]
V  [jvm.dll+0x7d145e]
V  [jvm.dll+0x7d1ac3]
V  [jvm.dll+0x242bc5]
V  [jvm.dll+0x7cbc5b]
V  [jvm.dll+0x616966]
V  [jvm.dll+0x6169ca]
V  [jvm.dll+0x6191da]
V  [jvm.dll+0x617306]
V  [jvm.dll+0x23718f]
V  [jvm.dll+0x621015]
V  [jvm.dll+0x1e7e2b]
V  [jvm.dll+0x1e8365]
V  [jvm.dll+0x1e8d9f]
V  [jvm.dll+0x1de251]
V  [jvm.dll+0x537c30]
V  [jvm.dll+0x1eea37]
V  [jvm.dll+0x74a15b]
V  [jvm.dll+0x74b502]
V  [jvm.dll+0x74bc99]
V  [jvm.dll+0x1e9054]
V  [jvm.dll+0x1de26a]
V  [jvm.dll+0x537c30]
V  [jvm.dll+0x1eea37]
V  [jvm.dll+0x74a15b]
V  [jvm.dll+0x74b502]
V  [jvm.dll+0x74bc99]
V  [jvm.dll+0x1e9054]
V  [jvm.dll+0x1de26a]
V  [jvm.dll+0x537c30]
V  [jvm.dll+0x1eea37]
V  [jvm.dll+0x74a15b]
V  [jvm.dll+0x74b502]
V  [jvm.dll+0x74b838]
V  [jvm.dll+0x23af1e]
V  [jvm.dll+0x37b2fe]
C  0x000001378779b7f7

Java frames: (J=compiled Java code, j=interpreted, Vv=VM code)
j  javax.swing.plaf.metal.MetalLookAndFeel.getCurrentTheme()Ljavax/swing/plaf/metal/MetalTheme;+74 java.desktop@17.0.2
j  javax.swing.plaf.metal.MetalLookAndFeel.createDefaultTheme()V+0 java.desktop@17.0.2
j  javax.swing.plaf.metal.MetalLookAndFeel.getDefaults()Ljavax/swing/UIDefaults;+5 java.desktop@17.0.2
j  javax.swing.UIManager.setLookAndFeel(Ljavax/swing/LookAndFeel;)V+66 java.desktop@17.0.2
j  javax.swing.UIManager.setLookAndFeel(Ljava/lang/String;)V+16 java.desktop@17.0.2
j  javax.swing.UIManager.initializeDefaultLAF(Ljava/util/Properties;)V+58 java.desktop@17.0.2
j  javax.swing.UIManager.initialize()V+9 java.desktop@17.0.2
j  javax.swing.UIManager.maybeInitialize()V+22 java.desktop@17.0.2
j  javax.swing.UIManager.getUI(Ljavax/swing/JComponent;)Ljavax/swing/plaf/ComponentUI;+0 java.desktop@17.0.2
j  javax.swing.JPanel.updateUI()V+2 java.desktop@17.0.2
j  javax.swing.JPanel.<init>(Ljava/awt/LayoutManager;Z)V+24 java.desktop@17.0.2
j  javax.swing.JPanel.<init>(Z)V+9 java.desktop@17.0.2
j  javax.swing.JPanel.<init>()V+2 java.desktop@17.0.2
j  javax.swing.JRootPane.createGlassPane()Ljava/awt/Component;+4 java.desktop@17.0.2
j  javax.swing.JRootPane.<init>()V+11 java.desktop@17.0.2
j  javax.swing.JFrame.createRootPane()Ljavax/swing/JRootPane;+4 java.desktop@17.0.2
j  javax.swing.JFrame.frameInit()V+16 java.desktop@17.0.2
j  javax.swing.JFrame.<init>()V+20 java.desktop@17.0.2
j  hotel.management.system.AddRooms.<init>()V+1
j  hotel.management.system.AddRooms.main([Ljava/lang/String;)V+4
v  ~StubRoutines::call_stub

---------------  P R O C E S S  ---------------

Threads class SMR info:
_java_thread_list=0x000001379ce9b1d0, length=15, elements={
0x00000137fe7ca110, 0x00000137ff81cef0, 0x00000137ff81e0b0, 0x00000137ff832220,
0x00000137ff832bd0, 0x00000137ff833580, 0x00000137ff834f40, 0x00000137ff8411e0,
0x00000137ff841c80, 0x00000137ff842670, 0x00000137ff80cd70, 0x000001379ccfcbc0,
0x000001379cec7f20, 0x000001379cecd210, 0x000001379ced01a0
}

Java Threads: ( => current thread )
=>0x00000137fe7ca110 JavaThread "main" [_thread_in_vm, id=23392, stack(0x00000025cc200000,0x00000025cc300000)]
  0x00000137ff81cef0 JavaThread "Reference Handler" daemon [_thread_blocked, id=23420, stack(0x00000025cc900000,0x00000025cca00000)]
  0x00000137ff81e0b0 JavaThread "Finalizer" daemon [_thread_blocked, id=23424, stack(0x00000025cca00000,0x00000025ccb00000)]
  0x00000137ff832220 JavaThread "Signal Dispatcher" daemon [_thread_blocked, id=23428, stack(0x00000025ccb00000,0x00000025ccc00000)]
  0x00000137ff832bd0 JavaThread "Attach Listener" daemon [_thread_blocked, id=23432, stack(0x00000025ccc00000,0x00000025ccd00000)]
  0x00000137ff833580 JavaThread "Service Thread" daemon [_thread_blocked, id=23436, stack(0x00000025ccd00000,0x00000025cce00000)]
  0x00000137ff834f40 JavaThread "Monitor Deflation Thread" daemon [_thread_blocked, id=23440, stack(0x00000025cce00000,0x00000025ccf00000)]
  0x00000137ff8411e0 JavaThread "C2 CompilerThread0" daemon [_thread_blocked, id=23444, stack(0x00000025ccf00000,0x00000025cd000000)]
  0x00000137ff841c80 JavaThread "C1 CompilerThread0" daemon [_thread_in_vm, id=23448, stack(0x00000025cd000000,0x00000025cd100000)]
  0x00000137ff842670 JavaThread "Sweeper thread" daemon [_thread_blocked, id=23452, stack(0x00000025cd100000,0x00000025cd200000)]
  0x00000137ff80cd70 JavaThread "Common-Cleaner" daemon [_thread_blocked, id=23456, stack(0x00000025cd200000,0x00000025cd300000)]
  0x000001379ccfcbc0 JavaThread "Notification Thread" daemon [_thread_blocked, id=23460, stack(0x00000025cd300000,0x00000025cd400000)]
  0x000001379cec7f20 JavaThread "Java2D Disposer" daemon [_thread_blocked, id=23468, stack(0x00000025cd500000,0x00000025cd600000)]
  0x000001379cecd210 JavaThread "AWT-Shutdown" [_thread_blocked, id=23472, stack(0x00000025cd600000,0x00000025cd700000)]
  0x000001379ced01a0 JavaThread "AWT-Windows" daemon [_thread_in_native, id=23476, stack(0x00000025cd700000,0x00000025cd800000)]

Other Threads:
  0x00000137ff816140 VMThread "VM Thread" [stack: 0x00000025cc800000,0x00000025cc900000] [id=23416]
  0x000001379ccbf800 WatcherThread [stack: 0x00000025cd400000,0x00000025cd500000] [id=23464]
  0x00000137fe8061d0 GCTaskThread "GC Thread#0" [stack: 0x00000025cc300000,0x00000025cc400000] [id=23396]
  0x00000137fe815e30 ConcurrentGCThread "G1 Main Marker" [stack: 0x00000025cc400000,0x00000025cc500000] [id=23400]
  0x00000137fe818b50 ConcurrentGCThread "G1 Conc#0" [stack: 0x00000025cc500000,0x00000025cc600000] [id=23404]
  0x00000137fe883320 ConcurrentGCThread "G1 Refine#0" [stack: 0x00000025cc600000,0x00000025cc700000] [id=23408]
  0x00000137fe884af0 ConcurrentGCThread "G1 Service" [stack: 0x00000025cc700000,0x00000025cc800000] [id=23412]

Threads with active compile tasks:
C1 CompilerThread0      273  415       3       sun.awt.AppContext::getAppContext (51 bytes)

VM state: not at safepoint (normal execution)

VM Mutex/Monitor currently owned by a thread:  ([mutex/lock_event])
[0x00000137fe7c3e20] Metaspace_lock - owner thread: 0x00000137fe7ca110
[0x00000137fe7c61e0] MethodData_lock - owner thread: 0x00000137ff841c80

Heap address: 0x000000008a200000, size: 1886 MB, Compressed Oops mode: 32-bit

CDS archive(s) mapped at: [0x0000000800000000-0x0000000800bc0000-0x0000000800bc0000), size 12320768, SharedBaseAddress: 0x0000000800000000, ArchiveRelocationMode: 0.
Compressed class space mapped at: 0x0000000800c00000-0x0000000840c00000, reserved size: 1073741824
Narrow klass base: 0x0000000800000000, Narrow klass shift: 0, Narrow klass range: 0x100000000

GC Precious Log:
 CPUs: 4 total, 4 available
 Memory: 7541M
 Large Page Support: Disabled
 NUMA Support: Disabled
 Compressed Oops: Enabled (32-bit)
 Heap Region Size: 1M
 Heap Min Capacity: 8M
 Heap Initial Capacity: 118M
 Heap Max Capacity: 1886M
 Pre-touch: Disabled
 Parallel Workers: 4
 Concurrent Workers: 1
 Concurrent Refinement Workers: 4
 Periodic GC: Disabled

Heap:
 garbage-first heap   total 120832K, used 3072K [0x000000008a200000, 0x0000000100000000)
  region size 1024K, 4 young (4096K), 0 survivors (0K)
 Metaspace       used 3598K, committed 3712K, reserved 1056768K
  class space    used 341K, committed 384K, reserved 1048576K

Heap Regions: E=young(eden), S=young(survivor), O=old, HS=humongous(starts), HC=humongous(continues), CS=collection set, F=free, OA=open archive, CA=closed archive, TAMS=top-at-mark-start (previous, next)
|   0|0x000000008a200000, 0x000000008a200000, 0x000000008a300000|  0%| F|  |TAMS 0x000000008a200000, 0x000000008a200000| Untracked 
|   1|0x000000008a300000, 0x000000008a300000, 0x000000008a400000|  0%| F|  |TAMS 0x000000008a300000, 0x000000008a300000| Untracked 
|   2|0x000000008a400000, 0x000000008a400000, 0x000000008a500000|  0%| F|  |TAMS 0x000000008a400000, 0x000000008a400000| Untracked 
|   3|0x000000008a500000, 0x000000008a500000, 0x000000008a600000|  0%| F|  |TAMS 0x000000008a500000, 0x000000008a500000| Untracked 
|   4|0x000000008a600000, 0x000000008a600000, 0x000000008a700000|  0%| F|  |TAMS 0x000000008a600000, 0x000000008a600000| Untracked 
|   5|0x000000008a700000, 0x000000008a700000, 0x000000008a800000|  0%| F|  |TAMS 0x000000008a700000, 0x000000008a700000| Untracked 
|   6|0x000000008a800000, 0x000000008a800000, 0x000000008a900000|  0%| F|  |TAMS 0x000000008a800000, 0x000000008a800000| Untracked 
|   7|0x000000008a900000, 0x000000008a900000, 0x000000008aa00000|  0%| F|  |TAMS 0x000000008a900000, 0x000000008a900000| Untracked 
|   8|0x000000008aa00000, 0x000000008aa00000, 0x000000008ab00000|  0%| F|  |TAMS 0x000000008aa00000, 0x000000008aa00000| Untracked 
|   9|0x000000008ab00000, 0x000000008ab00000, 0x000000008ac00000|  0%| F|  |TAMS 0x000000008ab00000, 0x000000008ab00000| Untracked 
|  10|0x000000008ac00000, 0x000000008ac00000, 0x000000008ad00000|  0%| F|  |TAMS 0x000000008ac00000, 0x000000008ac00000| Untracked 
|  11|0x000000008ad00000, 0x000000008ad00000, 0x000000008ae00000|  0%| F|  |TAMS 0x000000008ad00000, 0x000000008ad00000| Untracked 
|  12|0x000000008ae00000, 0x000000008ae00000, 0x000000008af00000|  0%| F|  |TAMS 0x000000008ae00000, 0x000000008ae00000| Untracked 
|  13|0x000000008af00000, 0x000000008af00000, 0x000000008b000000|  0%| F|  |TAMS 0x000000008af00000, 0x000000008af00000| Untracked 
|  14|0x000000008b000000, 0x000000008b000000, 0x000000008b100000|  0%| F|  |TAMS 0x000000008b000000, 0x000000008b000000| Untracked 
|  15|0x000000008b100000, 0x000000008b100000, 0x000000008b200000|  0%| F|  |TAMS 0x000000008b100000, 0x000000008b100000| Untracked 
|  16|0x000000008b200000, 0x000000008b200000, 0x000000008b300000|  0%| F|  |TAMS 0x000000008b200000, 0x000000008b200000| Untracked 
|  17|0x000000008b300000, 0x000000008b300000, 0x000000008b400000|  0%| F|  |TAMS 0x000000008b300000, 0x000000008b300000| Untracked 
|  18|0x000000008b400000, 0x000000008b400000, 0x000000008b500000|  0%| F|  |TAMS 0x000000008b400000, 0x000000008b400000| Untracked 
|  19|0x000000008b500000, 0x000000008b500000, 0x000000008b600000|  0%| F|  |TAMS 0x000000008b500000, 0x000000008b500000| Untracked 
|  20|0x000000008b600000, 0x000000008b600000, 0x000000008b700000|  0%| F|  |TAMS 0x000000008b600000, 0x000000008b600000| Untracked 
|  21|0x000000008b700000, 0x000000008b700000, 0x000000008b800000|  0%| F|  |TAMS 0x000000008b700000, 0x000000008b700000| Untracked 
|  22|0x000000008b800000, 0x000000008b800000, 0x000000008b900000|  0%| F|  |TAMS 0x000000008b800000, 0x000000008b800000| Untracked 
|  23|0x000000008b900000, 0x000000008b900000, 0x000000008ba00000|  0%| F|  |TAMS 0x000000008b900000, 0x000000008b900000| Untracked 
|  24|0x000000008ba00000, 0x000000008ba00000, 0x000000008bb00000|  0%| F|  |TAMS 0x000000008ba00000, 0x000000008ba00000| Untracked 
|  25|0x000000008bb00000, 0x000000008bb00000, 0x000000008bc00000|  0%| F|  |TAMS 0x000000008bb00000, 0x000000008bb00000| Untracked 
|  26|0x000000008bc00000, 0x000000008bc00000, 0x000000008bd00000|  0%| F|  |TAMS 0x000000008bc00000, 0x000000008bc00000| Untracked 
|  27|0x000000008bd00000, 0x000000008bd00000, 0x000000008be00000|  0%| F|  |TAMS 0x000000008bd00000, 0x000000008bd00000| Untracked 
|  28|0x000000008be00000, 0x000000008be00000, 0x000000008bf00000|  0%| F|  |TAMS 0x000000008be00000, 0x000000008be00000| Untracked 
|  29|0x000000008bf00000, 0x000000008bf00000, 0x000000008c000000|  0%| F|  |TAMS 0x000000008bf00000, 0x000000008bf00000| Untracked 
|  30|0x000000008c000000, 0x000000008c000000, 0x000000008c100000|  0%| F|  |TAMS 0x000000008c000000, 0x000000008c000000| Untracked 
|  31|0x000000008c100000, 0x000000008c100000, 0x000000008c200000|  0%| F|  |TAMS 0x000000008c100000, 0x000000008c100000| Untracked 
|  32|0x000000008c200000, 0x000000008c200000, 0x000000008c300000|  0%| F|  |TAMS 0x000000008c200000, 0x000000008c200000| Untracked 
|  33|0x000000008c300000, 0x000000008c300000, 0x000000008c400000|  0%| F|  |TAMS 0x000000008c300000, 0x000000008c300000| Untracked 
|  34|0x000000008c400000, 0x000000008c400000, 0x000000008c500000|  0%| F|  |TAMS 0x000000008c400000, 0x000000008c400000| Untracked 
|  35|0x000000008c500000, 0x000000008c500000, 0x000000008c600000|  0%| F|  |TAMS 0x000000008c500000, 0x000000008c500000| Untracked 
|  36|0x000000008c600000, 0x000000008c600000, 0x000000008c700000|  0%| F|  |TAMS 0x000000008c600000, 0x000000008c600000| Untracked 
|  37|0x000000008c700000, 0x000000008c700000, 0x000000008c800000|  0%| F|  |TAMS 0x000000008c700000, 0x000000008c700000| Untracked 
|  38|0x000000008c800000, 0x000000008c800000, 0x000000008c900000|  0%| F|  |TAMS 0x000000008c800000, 0x000000008c800000| Untracked 
|  39|0x000000008c900000, 0x000000008c900000, 0x000000008ca00000|  0%| F|  |TAMS 0x000000008c900000, 0x000000008c900000| Untracked 
|  40|0x000000008ca00000, 0x000000008ca00000, 0x000000008cb00000|  0%| F|  |TAMS 0x000000008ca00000, 0x000000008ca00000| Untracked 
|  41|0x000000008cb00000, 0x000000008cb00000, 0x000000008cc00000|  0%| F|  |TAMS 0x000000008cb00000, 0x000000008cb00000| Untracked 
|  42|0x000000008cc00000, 0x000000008cc00000, 0x000000008cd00000|  0%| F|  |TAMS 0x000000008cc00000, 0x000000008cc00000| Untracked 
|  43|0x000000008cd00000, 0x000000008cd00000, 0x000000008ce00000|  0%| F|  |TAMS 0x000000008cd00000, 0x000000008cd00000| Untracked 
|  44|0x000000008ce00000, 0x000000008ce00000, 0x000000008cf00000|  0%| F|  |TAMS 0x000000008ce00000, 0x000000008ce00000| Untracked 
|  45|0x000000008cf00000, 0x000000008cf00000, 0x000000008d000000|  0%| F|  |TAMS 0x000000008cf00000, 0x000000008cf00000| Untracked 
|  46|0x000000008d000000, 0x000000008d000000, 0x000000008d100000|  0%| F|  |TAMS 0x000000008d000000, 0x000000008d000000| Untracked 
|  47|0x000000008d100000, 0x000000008d100000, 0x000000008d200000|  0%| F|  |TAMS 0x000000008d100000, 0x000000008d100000| Untracked 
|  48|0x000000008d200000, 0x000000008d200000, 0x000000008d300000|  0%| F|  |TAMS 0x000000008d200000, 0x000000008d200000| Untracked 
|  49|0x000000008d300000, 0x000000008d300000, 0x000000008d400000|  0%| F|  |TAMS 0x000000008d300000, 0x000000008d300000| Untracked 
|  50|0x000000008d400000, 0x000000008d400000, 0x000000008d500000|  0%| F|  |TAMS 0x000000008d400000, 0x000000008d400000| Untracked 
|  51|0x000000008d500000, 0x000000008d500000, 0x000000008d600000|  0%| F|  |TAMS 0x000000008d500000, 0x000000008d500000| Untracked 
|  52|0x000000008d600000, 0x000000008d600000, 0x000000008d700000|  0%| F|  |TAMS 0x000000008d600000, 0x000000008d600000| Untracked 
|  53|0x000000008d700000, 0x000000008d700000, 0x000000008d800000|  0%| F|  |TAMS 0x000000008d700000, 0x000000008d700000| Untracked 
|  54|0x000000008d800000, 0x000000008d800000, 0x000000008d900000|  0%| F|  |TAMS 0x000000008d800000, 0x000000008d800000| Untracked 
|  55|0x000000008d900000, 0x000000008d900000, 0x000000008da00000|  0%| F|  |TAMS 0x000000008d900000, 0x000000008d900000| Untracked 
|  56|0x000000008da00000, 0x000000008da00000, 0x000000008db00000|  0%| F|  |TAMS 0x000000008da00000, 0x000000008da00000| Untracked 
|  57|0x000000008db00000, 0x000000008db00000, 0x000000008dc00000|  0%| F|  |TAMS 0x000000008db00000, 0x000000008db00000| Untracked 
|  58|0x000000008dc00000, 0x000000008dc00000, 0x000000008dd00000|  0%| F|  |TAMS 0x000000008dc00000, 0x000000008dc00000| Untracked 
|  59|0x000000008dd00000, 0x000000008dd00000, 0x000000008de00000|  0%| F|  |TAMS 0x000000008dd00000, 0x000000008dd00000| Untracked 
|  60|0x000000008de00000, 0x000000008de00000, 0x000000008df00000|  0%| F|  |TAMS 0x000000008de00000, 0x000000008de00000| Untracked 
|  61|0x000000008df00000, 0x000000008df00000, 0x000000008e000000|  0%| F|  |TAMS 0x000000008df00000, 0x000000008df00000| Untracked 
|  62|0x000000008e000000, 0x000000008e000000, 0x000000008e100000|  0%| F|  |TAMS 0x000000008e000000, 0x000000008e000000| Untracked 
|  63|0x000000008e100000, 0x000000008e100000, 0x000000008e200000|  0%| F|  |TAMS 0x000000008e100000, 0x000000008e100000| Untracked 
|  64|0x000000008e200000, 0x000000008e200000, 0x000000008e300000|  0%| F|  |TAMS 0x000000008e200000, 0x000000008e200000| Untracked 
|  65|0x000000008e300000, 0x000000008e300000, 0x000000008e400000|  0%| F|  |TAMS 0x000000008e300000, 0x000000008e300000| Untracked 
|  66|0x000000008e400000, 0x000000008e400000, 0x000000008e500000|  0%| F|  |TAMS 0x000000008e400000, 0x000000008e400000| Untracked 
|  67|0x000000008e500000, 0x000000008e500000, 0x000000008e600000|  0%| F|  |TAMS 0x000000008e500000, 0x000000008e500000| Untracked 
|  68|0x000000008e600000, 0x000000008e600000, 0x000000008e700000|  0%| F|  |TAMS 0x000000008e600000, 0x000000008e600000| Untracked 
|  69|0x000000008e700000, 0x000000008e700000, 0x000000008e800000|  0%| F|  |TAMS 0x000000008e700000, 0x000000008e700000| Untracked 
|  70|0x000000008e800000, 0x000000008e800000, 0x000000008e900000|  0%| F|  |TAMS 0x000000008e800000, 0x000000008e800000| Untracked 
|  71|0x000000008e900000, 0x000000008e900000, 0x000000008ea00000|  0%| F|  |TAMS 0x000000008e900000, 0x000000008e900000| Untracked 
|  72|0x000000008ea00000, 0x000000008ea00000, 0x000000008eb00000|  0%| F|  |TAMS 0x000000008ea00000, 0x000000008ea00000| Untracked 
|  73|0x000000008eb00000, 0x000000008eb00000, 0x000000008ec00000|  0%| F|  |TAMS 0x000000008eb00000, 0x000000008eb00000| Untracked 
|  74|0x000000008ec00000, 0x000000008ec00000, 0x000000008ed00000|  0%| F|  |TAMS 0x000000008ec00000, 0x000000008ec00000| Untracked 
|  75|0x000000008ed00000, 0x000000008ed00000, 0x000000008ee00000|  0%| F|  |TAMS 0x000000008ed00000, 0x000000008ed00000| Untracked 
|  76|0x000000008ee00000, 0x000000008ee00000, 0x000000008ef00000|  0%| F|  |TAMS 0x000000008ee00000, 0x000000008ee00000| Untracked 
|  77|0x000000008ef00000, 0x000000008ef00000, 0x000000008f000000|  0%| F|  |TAMS 0x000000008ef00000, 0x000000008ef00000| Untracked 
|  78|0x000000008f000000, 0x000000008f000000, 0x000000008f100000|  0%| F|  |TAMS 0x000000008f000000, 0x000000008f000000| Untracked 
|  79|0x000000008f100000, 0x000000008f100000, 0x000000008f200000|  0%| F|  |TAMS 0x000000008f100000, 0x000000008f100000| Untracked 
|  80|0x000000008f200000, 0x000000008f200000, 0x000000008f300000|  0%| F|  |TAMS 0x000000008f200000, 0x000000008f200000| Untracked 
|  81|0x000000008f300000, 0x000000008f300000, 0x000000008f400000|  0%| F|  |TAMS 0x000000008f300000, 0x000000008f300000| Untracked 
|  82|0x000000008f400000, 0x000000008f400000, 0x000000008f500000|  0%| F|  |TAMS 0x000000008f400000, 0x000000008f400000| Untracked 
|  83|0x000000008f500000, 0x000000008f500000, 0x000000008f600000|  0%| F|  |TAMS 0x000000008f500000, 0x000000008f500000| Untracked 
|  84|0x000000008f600000, 0x000000008f600000, 0x000000008f700000|  0%| F|  |TAMS 0x000000008f600000, 0x000000008f600000| Untracked 
|  85|0x000000008f700000, 0x000000008f700000, 0x000000008f800000|  0%| F|  |TAMS 0x000000008f700000, 0x000000008f700000| Untracked 
|  86|0x000000008f800000, 0x000000008f800000, 0x000000008f900000|  0%| F|  |TAMS 0x000000008f800000, 0x000000008f800000| Untracked 
|  87|0x000000008f900000, 0x000000008f900000, 0x000000008fa00000|  0%| F|  |TAMS 0x000000008f900000, 0x000000008f900000| Untracked 
|  88|0x000000008fa00000, 0x000000008fa00000, 0x000000008fb00000|  0%| F|  |TAMS 0x000000008fa00000, 0x000000008fa00000| Untracked 
|  89|0x000000008fb00000, 0x000000008fb00000, 0x000000008fc00000|  0%| F|  |TAMS 0x000000008fb00000, 0x000000008fb00000| Untracked 
|  90|0x000000008fc00000, 0x000000008fc00000, 0x000000008fd00000|  0%| F|  |TAMS 0x000000008fc00000, 0x000000008fc00000| Untracked 
|  91|0x000000008fd00000, 0x000000008fd00000, 0x000000008fe00000|  0%| F|  |TAMS 0x000000008fd00000, 0x000000008fd00000| Untracked 
|  92|0x000000008fe00000, 0x000000008fe00000, 0x000000008ff00000|  0%| F|  |TAMS 0x000000008fe00000, 0x000000008fe00000| Untracked 
|  93|0x000000008ff00000, 0x000000008ff00000, 0x0000000090000000|  0%| F|  |TAMS 0x000000008ff00000, 0x000000008ff00000| Untracked 
|  94|0x0000000090000000, 0x0000000090000000, 0x0000000090100000|  0%| F|  |TAMS 0x0000000090000000, 0x0000000090000000| Untracked 
|  95|0x0000000090100000, 0x0000000090100000, 0x0000000090200000|  0%| F|  |TAMS 0x0000000090100000, 0x0000000090100000| Untracked 
|  96|0x0000000090200000, 0x0000000090200000, 0x0000000090300000|  0%| F|  |TAMS 0x0000000090200000, 0x0000000090200000| Untracked 
|  97|0x0000000090300000, 0x0000000090300000, 0x0000000090400000|  0%| F|  |TAMS 0x0000000090300000, 0x0000000090300000| Untracked 
|  98|0x0000000090400000, 0x0000000090400000, 0x0000000090500000|  0%| F|  |TAMS 0x0000000090400000, 0x0000000090400000| Untracked 
|  99|0x0000000090500000, 0x0000000090500000, 0x0000000090600000|  0%| F|  |TAMS 0x0000000090500000, 0x0000000090500000| Untracked 
| 100|0x0000000090600000, 0x0000000090600000, 0x0000000090700000|  0%| F|  |TAMS 0x0000000090600000, 0x0000000090600000| Untracked 
| 101|0x0000000090700000, 0x0000000090700000, 0x0000000090800000|  0%| F|  |TAMS 0x0000000090700000, 0x0000000090700000| Untracked 
| 102|0x0000000090800000, 0x0000000090800000, 0x0000000090900000|  0%| F|  |TAMS 0x0000000090800000, 0x0000000090800000| Untracked 
| 103|0x0000000090900000, 0x0000000090900000, 0x0000000090a00000|  0%| F|  |TAMS 0x0000000090900000, 0x0000000090900000| Untracked 
| 104|0x0000000090a00000, 0x0000000090a00000, 0x0000000090b00000|  0%| F|  |TAMS 0x0000000090a00000, 0x0000000090a00000| Untracked 
| 105|0x0000000090b00000, 0x0000000090b00000, 0x0000000090c00000|  0%| F|  |TAMS 0x0000000090b00000, 0x0000000090b00000| Untracked 
| 106|0x0000000090c00000, 0x0000000090c00000, 0x0000000090d00000|  0%| F|  |TAMS 0x0000000090c00000, 0x0000000090c00000| Untracked 
| 107|0x0000000090d00000, 0x0000000090d00000, 0x0000000090e00000|  0%| F|  |TAMS 0x0000000090d00000, 0x0000000090d00000| Untracked 
| 108|0x0000000090e00000, 0x0000000090e00000, 0x0000000090f00000|  0%| F|  |TAMS 0x0000000090e00000, 0x0000000090e00000| Untracked 
| 109|0x0000000090f00000, 0x0000000090f00000, 0x0000000091000000|  0%| F|  |TAMS 0x0000000090f00000, 0x0000000090f00000| Untracked 
| 110|0x0000000091000000, 0x0000000091000000, 0x0000000091100000|  0%| F|  |TAMS 0x0000000091000000, 0x0000000091000000| Untracked 
| 111|0x0000000091100000, 0x0000000091100000, 0x0000000091200000|  0%| F|  |TAMS 0x0000000091100000, 0x0000000091100000| Untracked 
| 112|0x0000000091200000, 0x0000000091200000, 0x0000000091300000|  0%| F|  |TAMS 0x0000000091200000, 0x0000000091200000| Untracked 
| 113|0x0000000091300000, 0x0000000091300000, 0x0000000091400000|  0%| F|  |TAMS 0x0000000091300000, 0x0000000091300000| Untracked 
| 114|0x0000000091400000, 0x0000000091485e08, 0x0000000091500000| 52%| E|  |TAMS 0x0000000091400000, 0x0000000091400000| Complete 
| 115|0x0000000091500000, 0x0000000091600000, 0x0000000091600000|100%| E|CS|TAMS 0x0000000091500000, 0x0000000091500000| Complete 
| 116|0x0000000091600000, 0x0000000091700000, 0x0000000091700000|100%| E|CS|TAMS 0x0000000091600000, 0x0000000091600000| Complete 
| 117|0x0000000091700000, 0x0000000091800000, 0x0000000091800000|100%| E|CS|TAMS 0x0000000091700000, 0x0000000091700000| Complete 

Card table byte_map: [0x00000137fec50000,0x00000137ff000000] _byte_map_base: 0x00000137fe7ff000

Marking Bits (Prev, Next): (CMBitMap*) 0x00000137fe8067e0, (CMBitMap*) 0x00000137fe806820
 Prev Bits: [0x0000013796780000, 0x00000137984f8000)
 Next Bits: [0x0000013798500000, 0x000001379a278000)

Polling page: 0x00000137fc700000

Metaspace:

Usage:
  Non-class:      3.18 MB used.
      Class:    341.15 KB used.
       Both:      3.51 MB used.

Virtual space:
  Non-class space:        8.00 MB reserved,       3.25 MB ( 41%) committed,  1 nodes.
      Class space:        1.00 GB reserved,     384.00 KB ( <1%) committed,  1 nodes.
             Both:        1.01 GB reserved,       3.62 MB ( <1%) committed. 

Chunk freelists:
   Non-Class:  3.92 MB
       Class:  3.58 MB
        Both:  7.51 MB

MaxMetaspaceSize: unlimited
CompressedClassSpaceSize: 1.00 GB
Initial GC threshold: 21.00 MB
Current GC threshold: 21.00 MB
CDS: on
MetaspaceReclaimPolicy: balanced
 - commit_granule_bytes: 65536.
 - commit_granule_words: 8192.
 - virtual_space_node_default_size: 1048576.
 - enlarge_chunks_in_place: 1.
 - new_chunks_are_fully_committed: 0.
 - uncommit_free_chunks: 1.
 - use_allocation_guard: 0.
 - handle_deallocations: 1.


Internal statistics:

num_allocs_failed_limit: 0.
num_arena_births: 74.
num_arena_deaths: 0.
num_vsnodes_births: 2.
num_vsnodes_deaths: 0.
num_space_committed: 58.
num_space_uncommitted: 0.
num_chunks_returned_to_freelist: 0.
num_chunks_taken_from_freelist: 93.
num_chunk_merges: 0.
num_chunk_splits: 54.
num_chunks_enlarged: 20.
num_purges: 0.
num_inconsistent_stats: 0.

CodeHeap 'non-profiled nmethods': size=120000Kb used=127Kb max_used=127Kb free=119873Kb
 bounds [0x000001378f250000, 0x000001378f4c0000, 0x0000013796780000]
CodeHeap 'profiled nmethods': size=120000Kb used=551Kb max_used=551Kb free=119448Kb
 bounds [0x0000013787d20000, 0x0000013787f90000, 0x000001378f250000]
CodeHeap 'non-nmethods': size=5760Kb used=1179Kb max_used=1190Kb free=4580Kb
 bounds [0x0000013787780000, 0x00000137879f0000, 0x0000013787d20000]
 total_blobs=892 nmethods=414 adapters=391
 compilation: enabled
              stopped_count=0, restarted_count=0
 full_count=0

Compilation events (20 events):
Event: 0.240 Thread 0x00000137ff841c80  406       3       java.lang.StringLatin1::getChar (9 bytes)
Event: 0.240 Thread 0x00000137ff841c80 nmethod 406 0x0000013787da7510 code [0x0000013787da76a0, 0x0000013787da77b8]
Event: 0.240 Thread 0x00000137ff841c80  408       3       java.lang.StringLatin1::compareTo (52 bytes)
Event: 0.240 Thread 0x00000137ff8411e0 nmethod 405 0x000001378f26f610 code [0x000001378f26f780, 0x000001378f26f7f8]
Event: 0.240 Thread 0x00000137ff841c80 nmethod 408 0x0000013787da7890 code [0x0000013787da7a60, 0x0000013787da7e38]
Event: 0.240 Thread 0x00000137ff841c80  409       3       java.lang.String::compareTo (63 bytes)
Event: 0.240 Thread 0x00000137ff841c80 nmethod 409 0x0000013787da8010 code [0x0000013787da8220, 0x0000013787da86b8]
Event: 0.240 Thread 0x00000137ff841c80  407       3       java.lang.String::compareTo (9 bytes)
Event: 0.240 Thread 0x00000137ff841c80 nmethod 407 0x0000013787da8890 code [0x0000013787da8a40, 0x0000013787da8c68]
Event: 0.240 Thread 0x00000137ff841c80  410       3       java.lang.StringLatin1::compareTo (14 bytes)
Event: 0.241 Thread 0x00000137ff841c80 nmethod 410 0x0000013787da8d10 code [0x0000013787da8ec0, 0x0000013787da8fe8]
Event: 0.241 Thread 0x00000137ff841c80  411       1       java.util.concurrent.atomic.AtomicInteger::get (5 bytes)
Event: 0.241 Thread 0x00000137ff841c80 nmethod 411 0x000001378f26f910 code [0x000001378f26faa0, 0x000001378f26fb78]
Event: 0.241 Thread 0x00000137ff841c80  412       3       java.util.IdentityHashMap$IdentityHashMapIterator::hasNext (50 bytes)
Event: 0.241 Thread 0x00000137ff841c80 nmethod 412 0x0000013787da9110 code [0x0000013787da92c0, 0x0000013787da9518]
Event: 0.242 Thread 0x00000137ff841c80  413       3       java.lang.invoke.MethodHandles$Lookup::lookupClassOrNull (17 bytes)
Event: 0.242 Thread 0x00000137ff841c80 nmethod 413 0x0000013787da9610 code [0x0000013787da97a0, 0x0000013787da9938]
Event: 0.243 Thread 0x00000137ff841c80  414       3       jdk.internal.org.objectweb.asm.ClassReader::readUnsignedShort (26 bytes)
Event: 0.243 Thread 0x00000137ff841c80 nmethod 414 0x0000013787da9a10 code [0x0000013787da9ba0, 0x0000013787da9d18]
Event: 0.245 Thread 0x00000137ff841c80  415       3       sun.awt.AppContext::getAppContext (51 bytes)

GC Heap History (0 events):
No events

Deoptimization events (4 events):
Event: 0.086 Thread 0x00000137fe7ca110 Uncommon trap: trap_request=0xffffff45 fr.pc=0x000001378f25edf4 relative=0x0000000000000894
Event: 0.086 Thread 0x00000137fe7ca110 Uncommon trap: reason=unstable_if action=reinterpret pc=0x000001378f25edf4 method=java.util.HashMap.putVal(ILjava/lang/Object;Ljava/lang/Object;ZZ)Ljava/lang/Object; @ 81 c2
Event: 0.086 Thread 0x00000137fe7ca110 DEOPT PACKING pc=0x000001378f25edf4 sp=0x00000025cc2fe750
Event: 0.086 Thread 0x00000137fe7ca110 DEOPT UNPACKING pc=0x00000137877d23a3 sp=0x00000025cc2fe6f0 mode 2

Classes unloaded (0 events):
No events

Classes redefined (0 events):
No events

Internal exceptions (9 events):
Event: 0.062 Thread 0x00000137fe7ca110 Exception <a 'sun/nio/fs/WindowsException'{0x0000000091630580}> (0x0000000091630580) 
thrown [t:\workspace\open\src\hotspot\share\prims\jni.cpp, line 516]
Event: 0.062 Thread 0x00000137fe7ca110 Exception <a 'sun/nio/fs/WindowsException'{0x0000000091630b00}> (0x0000000091630b00) 
thrown [t:\workspace\open\src\hotspot\share\prims\jni.cpp, line 516]
Event: 0.063 Thread 0x00000137fe7ca110 Exception <a 'sun/nio/fs/WindowsException'{0x0000000091632f58}> (0x0000000091632f58) 
thrown [t:\workspace\open\src\hotspot\share\prims\jni.cpp, line 516]
Event: 0.064 Thread 0x00000137fe7ca110 Exception <a 'sun/nio/fs/WindowsException'{0x0000000091633a68}> (0x0000000091633a68) 
thrown [t:\workspace\open\src\hotspot\share\prims\jni.cpp, line 516]
Event: 0.101 Thread 0x00000137fe7ca110 Exception <a 'java/lang/ClassNotFoundException'{0x0000000091500388}: sun/awt/resources/spi/awtProvider> (0x0000000091500388) 
thrown [t:\workspace\open\src\hotspot\share\classfile\systemDictionary.cpp, line 256]
Event: 0.120 Thread 0x00000137fe7ca110 Exception <a 'java/io/FileNotFoundException'{0x0000000091553958}> (0x0000000091553958) 
thrown [t:\workspace\open\src\hotspot\share\prims\jni.cpp, line 516]
Event: 0.126 Thread 0x00000137fe7ca110 Exception <a 'java/io/FileNotFoundException'{0x0000000091580850}> (0x0000000091580850) 
thrown [t:\workspace\open\src\hotspot\share\prims\jni.cpp, line 516]
Event: 0.159 Thread 0x00000137fe7ca110 Exception <a 'java/lang/NoSuchMethodError'{0x00000000915c4c80}: 'java.lang.Object java.lang.invoke.DirectMethodHandle$Holder.invokeStaticInit(java.lang.Object)'> (0x00000000915c4c80) 
thrown [t:\workspace\open\src\hotspot\share\interpreter\linkResolver.cpp, line 766]
Event: 0.242 Thread 0x00000137fe7ca110 Exception <a 'java/lang/NoSuchMethodError'{0x00000000914529c8}: 'void java.lang.invoke.DirectMethodHandle$Holder.invokeSpecial(java.lang.Object, java.lang.Object, java.lang.Object)'> (0x00000000914529c8) 
thrown [t:\workspace\open\src\hotspot\share\interpreter\linkResolver.cpp, line 766]

VM Operations (2 events):
Event: 0.064 Executing VM operation: HandshakeAllThreads
Event: 0.064 Executing VM operation: HandshakeAllThreads done

Events (20 events):
Event: 0.242 loading class javax/swing/UIManager$LAFState done
Event: 0.242 loading class javax/swing/UIDefaults
Event: 0.242 loading class javax/swing/UIDefaults done
Event: 0.242 loading class javax/swing/MultiUIDefaults
Event: 0.242 loading class javax/swing/MultiUIDefaults done
Event: 0.242 loading class sun/swing/SwingAccessor$UIDefaultsAccessor
Event: 0.242 loading class sun/swing/SwingAccessor$UIDefaultsAccessor done
Event: 0.243 loading class javax/swing/UIManager$1
Event: 0.243 loading class javax/swing/UIManager$1 done
Event: 0.243 loading class javax/swing/plaf/metal/MetalLookAndFeel
Event: 0.244 loading class javax/swing/plaf/basic/BasicLookAndFeel
Event: 0.245 loading class javax/swing/LookAndFeel
Event: 0.245 loading class javax/swing/LookAndFeel done
Event: 0.245 loading class javax/swing/plaf/basic/BasicLookAndFeel done
Event: 0.245 loading class javax/swing/plaf/metal/MetalLookAndFeel done
Event: 0.245 loading class sun/swing/DefaultLookup
Event: 0.245 loading class sun/swing/DefaultLookup done
Event: 0.245 loading class javax/swing/plaf/metal/OceanTheme
Event: 0.246 loading class javax/swing/plaf/metal/DefaultMetalTheme
Event: 0.246 loading class javax/swing/plaf/metal/MetalTheme


Dynamic libraries:
0x00007ff64c620000 - 0x00007ff64c630000 	C:\Program Files\Java\jdk-17.0.2\bin\java.exe
0x00007ff89acf0000 - 0x00007ff89af04000 	C:\Windows\SYSTEM32\ntdll.dll
0x00007ff89a910000 - 0x00007ff89a9d3000 	C:\Windows\System32\KERNEL32.DLL
0x00007ff8981b0000 - 0x00007ff89854c000 	C:\Windows\System32\KERNELBASE.dll
0x00007ff8989e0000 - 0x00007ff898af1000 	C:\Windows\System32\ucrtbase.dll
0x00007ff890540000 - 0x00007ff89055a000 	C:\Program Files\Java\jdk-17.0.2\bin\VCRUNTIME140.dll
0x00007ff893560000 - 0x00007ff893578000 	C:\Program Files\Java\jdk-17.0.2\bin\jli.dll
0x00007ff89a160000 - 0x00007ff89a20e000 	C:\Windows\System32\ADVAPI32.dll
0x00007ff89aa60000 - 0x00007ff89ab07000 	C:\Windows\System32\msvcrt.dll
0x00007ff89a7c0000 - 0x00007ff89a864000 	C:\Windows\System32\sechost.dll
0x00007ff898b60000 - 0x00007ff898c75000 	C:\Windows\System32\RPCRT4.dll
0x00007ff899ec0000 - 0x00007ff89a06d000 	C:\Windows\System32\USER32.dll
0x00007ff898550000 - 0x00007ff898576000 	C:\Windows\System32\win32u.dll
0x00007ff898d00000 - 0x00007ff898d29000 	C:\Windows\System32\GDI32.dll
0x00007ff8988c0000 - 0x00007ff8989d3000 	C:\Windows\System32\gdi32full.dll
0x00007ff898580000 - 0x00007ff89861a000 	C:\Windows\System32\msvcp_win.dll
0x00007ff8823f0000 - 0x00007ff88267e000 	C:\Windows\WinSxS\amd64_microsoft.windows.common-controls_6595b64144ccf1df_6.0.22621.608_none_a9444ca7c10bb01d\COMCTL32.dll
0x00007ff88f4f0000 - 0x00007ff88f4fa000 	C:\Windows\SYSTEM32\VERSION.dll
0x00007ff899e80000 - 0x00007ff899eb1000 	C:\Windows\System32\IMM32.DLL
0x00007ff890530000 - 0x00007ff89053c000 	C:\Program Files\Java\jdk-17.0.2\bin\vcruntime140_1.dll
0x00007ff849810000 - 0x00007ff84989d000 	C:\Program Files\Java\jdk-17.0.2\bin\msvcp140.dll
0x00007ff8465d0000 - 0x00007ff847191000 	C:\Program Files\Java\jdk-17.0.2\bin\server\jvm.dll
0x00007ff89a690000 - 0x00007ff89a698000 	C:\Windows\System32\PSAPI.DLL
0x00007ff88f880000 - 0x00007ff88f8b4000 	C:\Windows\SYSTEM32\WINMM.dll
0x00007ff890560000 - 0x00007ff890569000 	C:\Windows\SYSTEM32\WSOCK32.dll
0x00007ff898c80000 - 0x00007ff898cf1000 	C:\Windows\System32\WS2_32.dll
0x00007ff897180000 - 0x00007ff897198000 	C:\Windows\SYSTEM32\kernel.appcore.dll
0x00007ff88c620000 - 0x00007ff88c62a000 	C:\Program Files\Java\jdk-17.0.2\bin\jimage.dll
0x00007ff882fa0000 - 0x00007ff8831ce000 	C:\Windows\SYSTEM32\DBGHELP.DLL
0x00007ff898d30000 - 0x00007ff8990b9000 	C:\Windows\System32\combase.dll
0x00007ff89a070000 - 0x00007ff89a147000 	C:\Windows\System32\OLEAUT32.dll
0x00007ff87a5b0000 - 0x00007ff87a5e2000 	C:\Windows\SYSTEM32\dbgcore.DLL
0x00007ff898130000 - 0x00007ff8981ab000 	C:\Windows\System32\bcryptPrimitives.dll
0x00007ff886a20000 - 0x00007ff886a45000 	C:\Program Files\Java\jdk-17.0.2\bin\java.dll
0x00007ff852460000 - 0x00007ff852536000 	C:\Program Files\Java\jdk-17.0.2\bin\jsvml.dll
0x00007ff8991c0000 - 0x00007ff8999b0000 	C:\Windows\System32\SHELL32.dll
0x00007ff896100000 - 0x00007ff8969ce000 	C:\Windows\SYSTEM32\windows.storage.dll
0x00007ff895fc0000 - 0x00007ff8960fe000 	C:\Windows\SYSTEM32\wintypes.dll
0x00007ff899cb0000 - 0x00007ff899da1000 	C:\Windows\System32\SHCORE.dll
0x00007ff899db0000 - 0x00007ff899e0e000 	C:\Windows\System32\shlwapi.dll
0x00007ff898060000 - 0x00007ff898081000 	C:\Windows\SYSTEM32\profapi.dll
0x00007ff886620000 - 0x00007ff886639000 	C:\Program Files\Java\jdk-17.0.2\bin\net.dll
0x00007ff891650000 - 0x00007ff89177f000 	C:\Windows\SYSTEM32\WINHTTP.dll
0x00007ff897660000 - 0x00007ff8976c9000 	C:\Windows\system32\mswsock.dll
0x00007ff885a80000 - 0x00007ff885a96000 	C:\Program Files\Java\jdk-17.0.2\bin\nio.dll
0x00007ff885730000 - 0x00007ff885748000 	C:\Program Files\Java\jdk-17.0.2\bin\zip.dll
0x00007ff846440000 - 0x00007ff8465cf000 	C:\Program Files\Java\jdk-17.0.2\bin\awt.dll
0x00007ff895500000 - 0x00007ff895597000 	C:\Windows\SYSTEM32\apphelp.dll
0x00007ff895890000 - 0x00007ff8958bb000 	C:\Windows\system32\DWMAPI.DLL
0x00007ff895690000 - 0x00007ff89573b000 	C:\Windows\system32\uxtheme.dll
0x00007ff846340000 - 0x00007ff846440000 	C:\Windows\system32\opengl32.dll
0x00007ff883a30000 - 0x00007ff883a5d000 	C:\Windows\SYSTEM32\GLU32.dll
0x00007ff895910000 - 0x00007ff895946000 	C:\Windows\SYSTEM32\dxcore.dll
0x00007ff899b90000 - 0x00007ff899cae000 	C:\Windows\System32\MSCTF.dll
0x00007ff89ab10000 - 0x00007ff89acac000 	C:\Windows\System32\ole32.dll
0x00007ff8771c0000 - 0x00007ff877369000 	C:\Windows\system32\d3d9.dll
0x00007ff892620000 - 0x00007ff8927d8000 	C:\Windows\System32\DriverStore\FileRepository\u0375335.inf_amd64_7de275617d9da25a\B374868\aticfx64.dll
0x00007ff886b30000 - 0x00007ff886b64000 	C:\Windows\System32\DriverStore\FileRepository\u0375335.inf_amd64_7de275617d9da25a\B374868\atiu9p64.dll
0x00007ff8421a0000 - 0x00007ff842ef4000 	C:\Windows\System32\DriverStore\FileRepository\u0375335.inf_amd64_7de275617d9da25a\B374868\atiumd64.dll
0x0000000057fe0000 - 0x0000000058e53000 	C:\Windows\System32\DriverStore\FileRepository\u0375335.inf_amd64_7de275617d9da25a\B374868\atiumd6a.dll
0x00007ff89a210000 - 0x00007ff89a684000 	C:\Windows\System32\SETUPAPI.dll
0x00007ff897da0000 - 0x00007ff897ded000 	C:\Windows\SYSTEM32\POWRPROF.dll
0x00007ff897bb0000 - 0x00007ff897bc3000 	C:\Windows\SYSTEM32\UMPDC.dll
0x00007ff893750000 - 0x00007ff893780000 	C:\Windows\SYSTEM32\amdihk64.dll
0x00007ff8928f0000 - 0x00007ff892939000 	C:\Windows\SYSTEM32\directxdatabasehelper.dll

dbghelp: loaded successfully - version: 4.0.5 - missing functions: none
symbol engine: initialized successfully - sym options: 0x614 - pdb path: .;C:\Program Files\Java\jdk-17.0.2\bin;C:\Windows\SYSTEM32;C:\Windows\WinSxS\amd64_microsoft.windows.common-controls_6595b64144ccf1df_6.0.22621.608_none_a9444ca7c10bb01d;C:\Program Files\Java\jdk-17.0.2\bin\server;C:\Windows\System32\DriverStore\FileRepository\u0375335.inf_amd64_7de275617d9da25a\B374868

VM Arguments:
jvm_args: -Dfile.encoding=UTF-8 --module-path=C:\Users\amirs\Documents\NetBeansProjects\Hotel Management System\build\classes 
java_command: hotel.management.system.AddRooms
java_class_path (initial): C:\Users\amirs\Downloads\mysql-connector-java-8.0.28.jar;C:\Users\amirs\Documents\NetBeansProjects\Hotel Management System\build\classes
Launcher Type: SUN_STANDARD

[Global flags]
     intx CICompilerCount                          = 3                                         {product} {ergonomic}
     uint ConcGCThreads                            = 1                                         {product} {ergonomic}
     uint G1ConcRefinementThreads                  = 4                                         {product} {ergonomic}
   size_t G1HeapRegionSize                         = 1048576                                   {product} {ergonomic}
    uintx GCDrainStackTargetSize                   = 64                                        {product} {ergonomic}
   size_t InitialHeapSize                          = 123731968                                 {product} {ergonomic}
   size_t MarkStackSize                            = 4194304                                   {product} {ergonomic}
   size_t MaxHeapSize                              = 1977614336                                {product} {ergonomic}
   size_t MaxNewSize                               = 1185939456                                {product} {ergonomic}
   size_t MinHeapDeltaBytes                        = 1048576                                   {product} {ergonomic}
   size_t MinHeapSize                              = 8388608                                   {product} {ergonomic}
    uintx NonNMethodCodeHeapSize                   = 5832780                                {pd product} {ergonomic}
    uintx NonProfiledCodeHeapSize                  = 122912730                              {pd product} {ergonomic}
    uintx ProfiledCodeHeapSize                     = 122912730                              {pd product} {ergonomic}
    uintx ReservedCodeCacheSize                    = 251658240                              {pd product} {ergonomic}
     bool SegmentedCodeCache                       = true                                      {product} {ergonomic}
   size_t SoftMaxHeapSize                          = 1977614336                             {manageable} {ergonomic}
     bool UseCompressedClassPointers               = true                           {product lp64_product} {ergonomic}
     bool UseCompressedOops                        = true                           {product lp64_product} {ergonomic}
     bool UseG1GC                                  = true                                      {product} {ergonomic}
     bool UseLargePagesIndividualAllocation        = false                                  {pd product} {ergonomic}

Logging:
Log output configuration:
 #0: stdout all=warning uptime,level,tags
 #1: stderr all=off uptime,level,tags

Environment Variables:
JAVA_HOME=C:\Program Files\Java\jdk-19
PATH=C:\Program Files\Common Files\Oracle\Java\javapath;C:\Program Files (x86)\VMware\VMware Player\bin\;C:\Windows\system32;C:\Windows;C:\Windows\System32\Wbem;C:\Windows\System32\WindowsPowerShell\v1.0\;C:\Windows\System32\OpenSSH\;C:\Program Files\Git\cmd;C:\Program Files\MySQL\MySQL Shell 8.0\bin\;C:\Users\amirs\AppData\Local\Microsoft\WindowsApps;C:\Program Files\Java\jdk-19\bin;C:\Users\amirs\AppData\Local\Programs\Microsoft VS Code\bin;C:\Users\amirs\AppData\Local\GitHubDesktop\bin;C:\ProgramData\amirs\GitHubDesktop\bin;C:\Program Files\JetBrains\PyCharm Community Edition 2022.3.1\bin;
USERNAME=amirs
OS=Windows_NT
PROCESSOR_IDENTIFIER=AMD64 Family 23 Model 96 Stepping 1, AuthenticAMD



---------------  S Y S T E M  ---------------

OS:
 Windows 11 , 64 bit Build 22621 (10.0.22621.1344)
OS uptime: 1 days 2:20 hours
Hyper-V role detected

CPU: total 4 (initial active 4) (4 cores per cpu, 1 threads per core) family 23 model 96 stepping 1 microcode 0x0, cx8, cmov, fxsr, mmx, 3dnowpref, sse, sse2, sse3, ssse3, sse4a, sse4.1, sse4.2, popcnt, lzcnt, tsc, tscinvbit, avx, avx2, aes, clmul, bmi1, bmi2, adx, sha, fma, vzeroupper, clflush, clflushopt, hv

Memory: 4k page, system-wide physical 7541M (801M free)
TotalPageFile size 22698M (AvailPageFile size 4M)
current process WorkingSet (physical memory assigned to process): 53M, peak: 53M
current process commit charge ("private bytes"): 211M, peak: 211M

vm_info: Java HotSpot(TM) 64-Bit Server VM (17.0.2+8-LTS-86) for windows-amd64 JRE (17.0.2+8-LTS-86), built on Dec  7 2021 21:51:03 by "mach5one" with MS VC++ 16.8 / 16.9 (VS2019)

END.
