#
# There is insufficient memory for the Java Runtime Environment to continue.
# Native memory allocation (malloc) failed to allocate 129728 bytes for Chunk::new
# Possible reasons:
#   The system is out of physical RAM or swap space
#   The process is running with CompressedOops enabled, and the Java Heap may be blocking the growth of the native heap
# Possible solutions:
#   Reduce memory load on the system
#   Increase physical memory or swap space
#   Check if swap backing store is full
#   Decrease Java heap size (-Xmx/-Xms)
#   Decrease number of Java threads
#   Decrease Java thread stack sizes (-Xss)
#   Set larger code cache with -XX:ReservedCodeCacheSize=
#   JVM is running with Unscaled Compressed Oops mode in which the Java heap is
#     placed in the first 4GB address space. The Java Heap base address is the
#     maximum limit for the native heap growth. Please use -XX:HeapBaseMinAddress
#     to set the Java Heap base and to place the Java Heap above 4GB virtual address.
# This output file may be truncated or incomplete.
#
#  Out of Memory Error (arena.cpp:189), pid=21052, tid=15388
#
# JRE version: Java(TM) SE Runtime Environment (17.0.2+8) (build 17.0.2+8-LTS-86)
# Java VM: Java HotSpot(TM) 64-Bit Server VM (17.0.2+8-LTS-86, mixed mode, sharing, tiered, compressed oops, compressed class ptrs, g1 gc, windows-amd64)
# No core dump will be written. Minidumps are not enabled by default on client versions of Windows
#

---------------  S U M M A R Y ------------

Command Line: -Dfile.encoding=UTF-8 --module-path=C:\Users\amirs\Documents\NetBeansProjects\Hotel Management System\build\classes hotel.management.system.AddRooms

Host: AMD Ryzen 3 4300U with Radeon Graphics         , 4 cores, 7G,  Windows 11 , 64 bit Build 22621 (10.0.22621.1344)
Time: Tue Mar 14 11:20:01 2023 India Standard Time elapsed time: 5.081678 seconds (0d 0h 0m 5s)

---------------  T H R E A D  ---------------

Current thread (0x0000016aac6076e0):  JavaThread "C2 CompilerThread0" daemon [_thread_in_native, id=15388, stack(0x0000002643800000,0x0000002643900000)]


Current CompileTask:
C2:   5081 1276       4       sun.java2d.SunGraphics2D::invalidatePipe (41 bytes)

Stack: [0x0000002643800000,0x0000002643900000]
Native frames: (J=compiled Java code, j=interpreted, Vv=VM code, C=native code)
V  [jvm.dll+0x670baa]
V  [jvm.dll+0x7cfcb4]
V  [jvm.dll+0x7d145e]
V  [jvm.dll+0x7d1ac3]
V  [jvm.dll+0x242bc5]
V  [jvm.dll+0xaa57b]
V  [jvm.dll+0xaab0c]
V  [jvm.dll+0x35fd07]
V  [jvm.dll+0x32a331]
V  [jvm.dll+0x3297da]
V  [jvm.dll+0x215c91]
V  [jvm.dll+0x2150b1]
V  [jvm.dll+0x1a1bbd]
V  [jvm.dll+0x224908]
V  [jvm.dll+0x222a6c]
V  [jvm.dll+0x7859bb]
V  [jvm.dll+0x77ff7a]
V  [jvm.dll+0x66fa35]
C  [ucrtbase.dll+0x29363]
C  [KERNEL32.DLL+0x126bd]
C  [ntdll.dll+0x5a9f8]


---------------  P R O C E S S  ---------------

Threads class SMR info:
_java_thread_list=0x0000016ab20a90c0, length=19, elements={
0x0000016aac5ea350, 0x0000016aac5ead00, 0x0000016aac6010a0, 0x0000016aac603970,
0x0000016aac604230, 0x0000016aac6062a0, 0x0000016aac6076e0, 0x0000016aac60bd30,
0x0000016aac60cdd0, 0x0000016aad048cb0, 0x0000016aad0bfb90, 0x0000016aad2c82a0,
0x0000016aad2d7df0, 0x0000016aad2e1e90, 0x0000016aad2e31d0, 0x0000016aad2e4510,
0x0000016aad2e2830, 0x0000016aad2e2d00, 0x0000016aad2e49e0
}

Java Threads: ( => current thread )
  0x0000016aac5ea350 JavaThread "Reference Handler" daemon [_thread_blocked, id=20264, stack(0x0000002643200000,0x0000002643300000)]
  0x0000016aac5ead00 JavaThread "Finalizer" daemon [_thread_blocked, id=6036, stack(0x0000002643300000,0x0000002643400000)]
  0x0000016aac6010a0 JavaThread "Signal Dispatcher" daemon [_thread_blocked, id=6360, stack(0x0000002643400000,0x0000002643500000)]
  0x0000016aac603970 JavaThread "Attach Listener" daemon [_thread_blocked, id=18440, stack(0x0000002643500000,0x0000002643600000)]
  0x0000016aac604230 JavaThread "Service Thread" daemon [_thread_blocked, id=18880, stack(0x0000002643600000,0x0000002643700000)]
  0x0000016aac6062a0 JavaThread "Monitor Deflation Thread" daemon [_thread_blocked, id=18620, stack(0x0000002643700000,0x0000002643800000)]
=>0x0000016aac6076e0 JavaThread "C2 CompilerThread0" daemon [_thread_in_native, id=15388, stack(0x0000002643800000,0x0000002643900000)]
  0x0000016aac60bd30 JavaThread "C1 CompilerThread0" daemon [_thread_blocked, id=17672, stack(0x0000002643900000,0x0000002643a00000)]
  0x0000016aac60cdd0 JavaThread "Sweeper thread" daemon [_thread_blocked, id=18980, stack(0x0000002643a00000,0x0000002643b00000)]
  0x0000016aad048cb0 JavaThread "Common-Cleaner" daemon [_thread_blocked, id=20392, stack(0x0000002643b00000,0x0000002643c00000)]
  0x0000016aad0bfb90 JavaThread "Notification Thread" daemon [_thread_blocked, id=19076, stack(0x0000002643c00000,0x0000002643d00000)]
  0x0000016aad2c82a0 JavaThread "Java2D Disposer" daemon [_thread_blocked, id=20052, stack(0x0000002643e00000,0x0000002643f00000)]
  0x0000016aad2d7df0 JavaThread "AWT-Shutdown" [_thread_blocked, id=6672, stack(0x0000002643f00000,0x0000002644000000)]
  0x0000016aad2e1e90 JavaThread "AWT-Windows" daemon [_thread_in_native, id=19792, stack(0x0000002644000000,0x0000002644100000)]
  0x0000016aad2e31d0 JavaThread "AWT-EventQueue-0" [_thread_blocked, id=20168, stack(0x0000002644900000,0x0000002644a00000)]
  0x0000016aad2e4510 JavaThread "Image Fetcher 0" daemon [_thread_blocked, id=19776, stack(0x0000002644a00000,0x0000002644b00000)]
  0x0000016aad2e2830 JavaThread "DestroyJavaVM" [_thread_blocked, id=21220, stack(0x0000002642b00000,0x0000002642c00000)]
  0x0000016aad2e2d00 JavaThread "D3D Screen Updater" daemon [_thread_blocked, id=20428, stack(0x0000002644c00000,0x0000002644d00000)]
  0x0000016aad2e49e0 JavaThread "TimerQueue" daemon [_thread_blocked, id=19252, stack(0x0000002644d00000,0x0000002644e00000)]

Other Threads:
  0x0000016aac5e4210 VMThread "VM Thread" [stack: 0x0000002643100000,0x0000002643200000] [id=18588]
  0x0000016aad0c2070 WatcherThread [stack: 0x0000002643d00000,0x0000002643e00000] [id=18624]
  0x0000016a8f355900 GCTaskThread "GC Thread#0" [stack: 0x0000002642c00000,0x0000002642d00000] [id=18808]
  0x0000016ab218f3a0 GCTaskThread "GC Thread#1" [stack: 0x0000002644e00000,0x0000002644f00000] [id=18988]
  0x0000016ab218f650 GCTaskThread "GC Thread#2" [stack: 0x0000002644f00000,0x0000002645000000] [id=19220]
  0x0000016ab218f900 GCTaskThread "GC Thread#3" [stack: 0x0000002645000000,0x0000002645100000] [id=18780]
  0x0000016a8f365560 ConcurrentGCThread "G1 Main Marker" [stack: 0x0000002642d00000,0x0000002642e00000] [id=4976]
  0x0000016a8f367e80 ConcurrentGCThread "G1 Conc#0" [stack: 0x0000002642e00000,0x0000002642f00000] [id=19608]
  0x0000016a8f3cede0 ConcurrentGCThread "G1 Refine#0" [stack: 0x0000002642f00000,0x0000002643000000] [id=19460]
  0x0000016a8f3cf700 ConcurrentGCThread "G1 Service" [stack: 0x0000002643000000,0x0000002643100000] [id=20080]

Threads with active compile tasks:
C2 CompilerThread0     5104 1276       4       sun.java2d.SunGraphics2D::invalidatePipe (41 bytes)

VM state: not at safepoint (normal execution)

VM Mutex/Monitor currently owned by a thread: None

Heap address: 0x000000008a200000, size: 1886 MB, Compressed Oops mode: 32-bit

CDS archive(s) mapped at: [0x0000000800000000-0x0000000800bc0000-0x0000000800bc0000), size 12320768, SharedBaseAddress: 0x0000000800000000, ArchiveRelocationMode: 0.
Compressed class space mapped at: 0x0000000800c00000-0x0000000840c00000, reserved size: 1073741824
Narrow klass base: 0x0000000800000000, Narrow klass shift: 0, Narrow klass range: 0x100000000

GC Precious Log:
 CPUs: 4 total, 4 available
 Memory: 7541M
 Large Page Support: Disabled
 NUMA Support: Disabled
 Compressed Oops: Enabled (32-bit)
 Heap Region Size: 1M
 Heap Min Capacity: 8M
 Heap Initial Capacity: 118M
 Heap Max Capacity: 1886M
 Pre-touch: Disabled
 Parallel Workers: 4
 Concurrent Workers: 1
 Concurrent Refinement Workers: 4
 Periodic GC: Disabled

Heap:
 garbage-first heap   total 120832K, used 8022K [0x000000008a200000, 0x0000000100000000)
  region size 1024K, 3 young (3072K), 2 survivors (2048K)
 Metaspace       used 9332K, committed 9536K, reserved 1064960K
  class space    used 1098K, committed 1216K, reserved 1048576K

Heap Regions: E=young(eden), S=young(survivor), O=old, HS=humongous(starts), HC=humongous(continues), CS=collection set, F=free, OA=open archive, CA=closed archive, TAMS=top-at-mark-start (previous, next)
|   0|0x000000008a200000, 0x000000008a300000, 0x000000008a300000|100%|HS|  |TAMS 0x000000008a200000, 0x000000008a200000| Complete 
|   1|0x000000008a300000, 0x000000008a400000, 0x000000008a400000|100%|HC|  |TAMS 0x000000008a300000, 0x000000008a300000| Complete 
|   2|0x000000008a400000, 0x000000008a500000, 0x000000008a500000|100%|HC|  |TAMS 0x000000008a400000, 0x000000008a400000| Complete 
|   3|0x000000008a500000, 0x000000008a600000, 0x000000008a600000|100%|HS|  |TAMS 0x000000008a500000, 0x000000008a500000| Complete 
|   4|0x000000008a600000, 0x000000008a700000, 0x000000008a700000|100%|HC|  |TAMS 0x000000008a600000, 0x000000008a600000| Complete 
|   5|0x000000008a700000, 0x000000008a7d5800, 0x000000008a800000| 83%| O|  |TAMS 0x000000008a700000, 0x000000008a700000| Untracked 
|   6|0x000000008a800000, 0x000000008a800000, 0x000000008a900000|  0%| F|  |TAMS 0x000000008a800000, 0x000000008a800000| Untracked 
|   7|0x000000008a900000, 0x000000008a900000, 0x000000008aa00000|  0%| F|  |TAMS 0x000000008a900000, 0x000000008a900000| Untracked 
|   8|0x000000008aa00000, 0x000000008aa00000, 0x000000008ab00000|  0%| F|  |TAMS 0x000000008aa00000, 0x000000008aa00000| Untracked 
|   9|0x000000008ab00000, 0x000000008ab00000, 0x000000008ac00000|  0%| F|  |TAMS 0x000000008ab00000, 0x000000008ab00000| Untracked 
|  10|0x000000008ac00000, 0x000000008ac00000, 0x000000008ad00000|  0%| F|  |TAMS 0x000000008ac00000, 0x000000008ac00000| Untracked 
|  11|0x000000008ad00000, 0x000000008ad00000, 0x000000008ae00000|  0%| F|  |TAMS 0x000000008ad00000, 0x000000008ad00000| Untracked 
|  12|0x000000008ae00000, 0x000000008ae00000, 0x000000008af00000|  0%| F|  |TAMS 0x000000008ae00000, 0x000000008ae00000| Untracked 
|  13|0x000000008af00000, 0x000000008af00000, 0x000000008b000000|  0%| F|  |TAMS 0x000000008af00000, 0x000000008af00000| Untracked 
|  14|0x000000008b000000, 0x000000008b000000, 0x000000008b100000|  0%| F|  |TAMS 0x000000008b000000, 0x000000008b000000| Untracked 
|  15|0x000000008b100000, 0x000000008b100000, 0x000000008b200000|  0%| F|  |TAMS 0x000000008b100000, 0x000000008b100000| Untracked 
|  16|0x000000008b200000, 0x000000008b200000, 0x000000008b300000|  0%| F|  |TAMS 0x000000008b200000, 0x000000008b200000| Untracked 
|  17|0x000000008b300000, 0x000000008b300000, 0x000000008b400000|  0%| F|  |TAMS 0x000000008b300000, 0x000000008b300000| Untracked 
|  18|0x000000008b400000, 0x000000008b400000, 0x000000008b500000|  0%| F|  |TAMS 0x000000008b400000, 0x000000008b400000| Untracked 
|  19|0x000000008b500000, 0x000000008b500000, 0x000000008b600000|  0%| F|  |TAMS 0x000000008b500000, 0x000000008b500000| Untracked 
|  20|0x000000008b600000, 0x000000008b600000, 0x000000008b700000|  0%| F|  |TAMS 0x000000008b600000, 0x000000008b600000| Untracked 
|  21|0x000000008b700000, 0x000000008b700000, 0x000000008b800000|  0%| F|  |TAMS 0x000000008b700000, 0x000000008b700000| Untracked 
|  22|0x000000008b800000, 0x000000008b800000, 0x000000008b900000|  0%| F|  |TAMS 0x000000008b800000, 0x000000008b800000| Untracked 
|  23|0x000000008b900000, 0x000000008b900000, 0x000000008ba00000|  0%| F|  |TAMS 0x000000008b900000, 0x000000008b900000| Untracked 
|  24|0x000000008ba00000, 0x000000008ba00000, 0x000000008bb00000|  0%| F|  |TAMS 0x000000008ba00000, 0x000000008ba00000| Untracked 
|  25|0x000000008bb00000, 0x000000008bb00000, 0x000000008bc00000|  0%| F|  |TAMS 0x000000008bb00000, 0x000000008bb00000| Untracked 
|  26|0x000000008bc00000, 0x000000008bc00000, 0x000000008bd00000|  0%| F|  |TAMS 0x000000008bc00000, 0x000000008bc00000| Untracked 
|  27|0x000000008bd00000, 0x000000008bd00000, 0x000000008be00000|  0%| F|  |TAMS 0x000000008bd00000, 0x000000008bd00000| Untracked 
|  28|0x000000008be00000, 0x000000008be00000, 0x000000008bf00000|  0%| F|  |TAMS 0x000000008be00000, 0x000000008be00000| Untracked 
|  29|0x000000008bf00000, 0x000000008bf00000, 0x000000008c000000|  0%| F|  |TAMS 0x000000008bf00000, 0x000000008bf00000| Untracked 
|  30|0x000000008c000000, 0x000000008c000000, 0x000000008c100000|  0%| F|  |TAMS 0x000000008c000000, 0x000000008c000000| Untracked 
|  31|0x000000008c100000, 0x000000008c100000, 0x000000008c200000|  0%| F|  |TAMS 0x000000008c100000, 0x000000008c100000| Untracked 
|  32|0x000000008c200000, 0x000000008c200000, 0x000000008c300000|  0%| F|  |TAMS 0x000000008c200000, 0x000000008c200000| Untracked 
|  33|0x000000008c300000, 0x000000008c300000, 0x000000008c400000|  0%| F|  |TAMS 0x000000008c300000, 0x000000008c300000| Untracked 
|  34|0x000000008c400000, 0x000000008c400000, 0x000000008c500000|  0%| F|  |TAMS 0x000000008c400000, 0x000000008c400000| Untracked 
|  35|0x000000008c500000, 0x000000008c500000, 0x000000008c600000|  0%| F|  |TAMS 0x000000008c500000, 0x000000008c500000| Untracked 
|  36|0x000000008c600000, 0x000000008c600000, 0x000000008c700000|  0%| F|  |TAMS 0x000000008c600000, 0x000000008c600000| Untracked 
|  37|0x000000008c700000, 0x000000008c700000, 0x000000008c800000|  0%| F|  |TAMS 0x000000008c700000, 0x000000008c700000| Untracked 
|  38|0x000000008c800000, 0x000000008c800000, 0x000000008c900000|  0%| F|  |TAMS 0x000000008c800000, 0x000000008c800000| Untracked 
|  39|0x000000008c900000, 0x000000008c900000, 0x000000008ca00000|  0%| F|  |TAMS 0x000000008c900000, 0x000000008c900000| Untracked 
|  40|0x000000008ca00000, 0x000000008ca00000, 0x000000008cb00000|  0%| F|  |TAMS 0x000000008ca00000, 0x000000008ca00000| Untracked 
|  41|0x000000008cb00000, 0x000000008cb00000, 0x000000008cc00000|  0%| F|  |TAMS 0x000000008cb00000, 0x000000008cb00000| Untracked 
|  42|0x000000008cc00000, 0x000000008cc00000, 0x000000008cd00000|  0%| F|  |TAMS 0x000000008cc00000, 0x000000008cc00000| Untracked 
|  43|0x000000008cd00000, 0x000000008cd00000, 0x000000008ce00000|  0%| F|  |TAMS 0x000000008cd00000, 0x000000008cd00000| Untracked 
|  44|0x000000008ce00000, 0x000000008ce00000, 0x000000008cf00000|  0%| F|  |TAMS 0x000000008ce00000, 0x000000008ce00000| Untracked 
|  45|0x000000008cf00000, 0x000000008cf00000, 0x000000008d000000|  0%| F|  |TAMS 0x000000008cf00000, 0x000000008cf00000| Untracked 
|  46|0x000000008d000000, 0x000000008d000000, 0x000000008d100000|  0%| F|  |TAMS 0x000000008d000000, 0x000000008d000000| Untracked 
|  47|0x000000008d100000, 0x000000008d100000, 0x000000008d200000|  0%| F|  |TAMS 0x000000008d100000, 0x000000008d100000| Untracked 
|  48|0x000000008d200000, 0x000000008d200000, 0x000000008d300000|  0%| F|  |TAMS 0x000000008d200000, 0x000000008d200000| Untracked 
|  49|0x000000008d300000, 0x000000008d300000, 0x000000008d400000|  0%| F|  |TAMS 0x000000008d300000, 0x000000008d300000| Untracked 
|  50|0x000000008d400000, 0x000000008d400000, 0x000000008d500000|  0%| F|  |TAMS 0x000000008d400000, 0x000000008d400000| Untracked 
|  51|0x000000008d500000, 0x000000008d500000, 0x000000008d600000|  0%| F|  |TAMS 0x000000008d500000, 0x000000008d500000| Untracked 
|  52|0x000000008d600000, 0x000000008d600000, 0x000000008d700000|  0%| F|  |TAMS 0x000000008d600000, 0x000000008d600000| Untracked 
|  53|0x000000008d700000, 0x000000008d700000, 0x000000008d800000|  0%| F|  |TAMS 0x000000008d700000, 0x000000008d700000| Untracked 
|  54|0x000000008d800000, 0x000000008d800000, 0x000000008d900000|  0%| F|  |TAMS 0x000000008d800000, 0x000000008d800000| Untracked 
|  55|0x000000008d900000, 0x000000008d900000, 0x000000008da00000|  0%| F|  |TAMS 0x000000008d900000, 0x000000008d900000| Untracked 
|  56|0x000000008da00000, 0x000000008da00000, 0x000000008db00000|  0%| F|  |TAMS 0x000000008da00000, 0x000000008da00000| Untracked 
|  57|0x000000008db00000, 0x000000008db00000, 0x000000008dc00000|  0%| F|  |TAMS 0x000000008db00000, 0x000000008db00000| Untracked 
|  58|0x000000008dc00000, 0x000000008dc00000, 0x000000008dd00000|  0%| F|  |TAMS 0x000000008dc00000, 0x000000008dc00000| Untracked 
|  59|0x000000008dd00000, 0x000000008dd00000, 0x000000008de00000|  0%| F|  |TAMS 0x000000008dd00000, 0x000000008dd00000| Untracked 
|  60|0x000000008de00000, 0x000000008de00000, 0x000000008df00000|  0%| F|  |TAMS 0x000000008de00000, 0x000000008de00000| Untracked 
|  61|0x000000008df00000, 0x000000008df00000, 0x000000008e000000|  0%| F|  |TAMS 0x000000008df00000, 0x000000008df00000| Untracked 
|  62|0x000000008e000000, 0x000000008e000000, 0x000000008e100000|  0%| F|  |TAMS 0x000000008e000000, 0x000000008e000000| Untracked 
|  63|0x000000008e100000, 0x000000008e100000, 0x000000008e200000|  0%| F|  |TAMS 0x000000008e100000, 0x000000008e100000| Untracked 
|  64|0x000000008e200000, 0x000000008e200000, 0x000000008e300000|  0%| F|  |TAMS 0x000000008e200000, 0x000000008e200000| Untracked 
|  65|0x000000008e300000, 0x000000008e300000, 0x000000008e400000|  0%| F|  |TAMS 0x000000008e300000, 0x000000008e300000| Untracked 
|  66|0x000000008e400000, 0x000000008e400000, 0x000000008e500000|  0%| F|  |TAMS 0x000000008e400000, 0x000000008e400000| Untracked 
|  67|0x000000008e500000, 0x000000008e500000, 0x000000008e600000|  0%| F|  |TAMS 0x000000008e500000, 0x000000008e500000| Untracked 
|  68|0x000000008e600000, 0x000000008e600000, 0x000000008e700000|  0%| F|  |TAMS 0x000000008e600000, 0x000000008e600000| Untracked 
|  69|0x000000008e700000, 0x000000008e700000, 0x000000008e800000|  0%| F|  |TAMS 0x000000008e700000, 0x000000008e700000| Untracked 
|  70|0x000000008e800000, 0x000000008e800000, 0x000000008e900000|  0%| F|  |TAMS 0x000000008e800000, 0x000000008e800000| Untracked 
|  71|0x000000008e900000, 0x000000008e900000, 0x000000008ea00000|  0%| F|  |TAMS 0x000000008e900000, 0x000000008e900000| Untracked 
|  72|0x000000008ea00000, 0x000000008ea00000, 0x000000008eb00000|  0%| F|  |TAMS 0x000000008ea00000, 0x000000008ea00000| Untracked 
|  73|0x000000008eb00000, 0x000000008eb00000, 0x000000008ec00000|  0%| F|  |TAMS 0x000000008eb00000, 0x000000008eb00000| Untracked 
|  74|0x000000008ec00000, 0x000000008ec00000, 0x000000008ed00000|  0%| F|  |TAMS 0x000000008ec00000, 0x000000008ec00000| Untracked 
|  75|0x000000008ed00000, 0x000000008ed00000, 0x000000008ee00000|  0%| F|  |TAMS 0x000000008ed00000, 0x000000008ed00000| Untracked 
|  76|0x000000008ee00000, 0x000000008ee00000, 0x000000008ef00000|  0%| F|  |TAMS 0x000000008ee00000, 0x000000008ee00000| Untracked 
|  77|0x000000008ef00000, 0x000000008ef00000, 0x000000008f000000|  0%| F|  |TAMS 0x000000008ef00000, 0x000000008ef00000| Untracked 
|  78|0x000000008f000000, 0x000000008f000000, 0x000000008f100000|  0%| F|  |TAMS 0x000000008f000000, 0x000000008f000000| Untracked 
|  79|0x000000008f100000, 0x000000008f100000, 0x000000008f200000|  0%| F|  |TAMS 0x000000008f100000, 0x000000008f100000| Untracked 
|  80|0x000000008f200000, 0x000000008f200000, 0x000000008f300000|  0%| F|  |TAMS 0x000000008f200000, 0x000000008f200000| Untracked 
|  81|0x000000008f300000, 0x000000008f300000, 0x000000008f400000|  0%| F|  |TAMS 0x000000008f300000, 0x000000008f300000| Untracked 
|  82|0x000000008f400000, 0x000000008f400000, 0x000000008f500000|  0%| F|  |TAMS 0x000000008f400000, 0x000000008f400000| Untracked 
|  83|0x000000008f500000, 0x000000008f500000, 0x000000008f600000|  0%| F|  |TAMS 0x000000008f500000, 0x000000008f500000| Untracked 
|  84|0x000000008f600000, 0x000000008f600000, 0x000000008f700000|  0%| F|  |TAMS 0x000000008f600000, 0x000000008f600000| Untracked 
|  85|0x000000008f700000, 0x000000008f700000, 0x000000008f800000|  0%| F|  |TAMS 0x000000008f700000, 0x000000008f700000| Untracked 
|  86|0x000000008f800000, 0x000000008f800000, 0x000000008f900000|  0%| F|  |TAMS 0x000000008f800000, 0x000000008f800000| Untracked 
|  87|0x000000008f900000, 0x000000008f900000, 0x000000008fa00000|  0%| F|  |TAMS 0x000000008f900000, 0x000000008f900000| Untracked 
|  88|0x000000008fa00000, 0x000000008fa00000, 0x000000008fb00000|  0%| F|  |TAMS 0x000000008fa00000, 0x000000008fa00000| Untracked 
|  89|0x000000008fb00000, 0x000000008fb00000, 0x000000008fc00000|  0%| F|  |TAMS 0x000000008fb00000, 0x000000008fb00000| Untracked 
|  90|0x000000008fc00000, 0x000000008fc00000, 0x000000008fd00000|  0%| F|  |TAMS 0x000000008fc00000, 0x000000008fc00000| Untracked 
|  91|0x000000008fd00000, 0x000000008fd00000, 0x000000008fe00000|  0%| F|  |TAMS 0x000000008fd00000, 0x000000008fd00000| Untracked 
|  92|0x000000008fe00000, 0x000000008fe00000, 0x000000008ff00000|  0%| F|  |TAMS 0x000000008fe00000, 0x000000008fe00000| Untracked 
|  93|0x000000008ff00000, 0x000000008ff00000, 0x0000000090000000|  0%| F|  |TAMS 0x000000008ff00000, 0x000000008ff00000| Untracked 
|  94|0x0000000090000000, 0x0000000090000000, 0x0000000090100000|  0%| F|  |TAMS 0x0000000090000000, 0x0000000090000000| Untracked 
|  95|0x0000000090100000, 0x0000000090100000, 0x0000000090200000|  0%| F|  |TAMS 0x0000000090100000, 0x0000000090100000| Untracked 
|  96|0x0000000090200000, 0x0000000090200000, 0x0000000090300000|  0%| F|  |TAMS 0x0000000090200000, 0x0000000090200000| Untracked 
|  97|0x0000000090300000, 0x0000000090300000, 0x0000000090400000|  0%| F|  |TAMS 0x0000000090300000, 0x0000000090300000| Untracked 
|  98|0x0000000090400000, 0x0000000090400000, 0x0000000090500000|  0%| F|  |TAMS 0x0000000090400000, 0x0000000090400000| Untracked 
|  99|0x0000000090500000, 0x0000000090500000, 0x0000000090600000|  0%| F|  |TAMS 0x0000000090500000, 0x0000000090500000| Untracked 
| 100|0x0000000090600000, 0x0000000090600000, 0x0000000090700000|  0%| F|  |TAMS 0x0000000090600000, 0x0000000090600000| Untracked 
| 101|0x0000000090700000, 0x0000000090700000, 0x0000000090800000|  0%| F|  |TAMS 0x0000000090700000, 0x0000000090700000| Untracked 
| 102|0x0000000090800000, 0x0000000090800000, 0x0000000090900000|  0%| F|  |TAMS 0x0000000090800000, 0x0000000090800000| Untracked 
| 103|0x0000000090900000, 0x0000000090a00000, 0x0000000090a00000|100%| S|CS|TAMS 0x0000000090900000, 0x0000000090900000| Complete 
| 104|0x0000000090a00000, 0x0000000090b00000, 0x0000000090b00000|100%| S|CS|TAMS 0x0000000090a00000, 0x0000000090a00000| Complete 
| 105|0x0000000090b00000, 0x0000000090b00000, 0x0000000090c00000|  0%| F|  |TAMS 0x0000000090b00000, 0x0000000090b00000| Untracked 
| 106|0x0000000090c00000, 0x0000000090c00000, 0x0000000090d00000|  0%| F|  |TAMS 0x0000000090c00000, 0x0000000090c00000| Untracked 
| 107|0x0000000090d00000, 0x0000000090d00000, 0x0000000090e00000|  0%| F|  |TAMS 0x0000000090d00000, 0x0000000090d00000| Untracked 
| 108|0x0000000090e00000, 0x0000000090e00000, 0x0000000090f00000|  0%| F|  |TAMS 0x0000000090e00000, 0x0000000090e00000| Untracked 
| 109|0x0000000090f00000, 0x0000000090f00000, 0x0000000091000000|  0%| F|  |TAMS 0x0000000090f00000, 0x0000000090f00000| Untracked 
| 110|0x0000000091000000, 0x0000000091000000, 0x0000000091100000|  0%| F|  |TAMS 0x0000000091000000, 0x0000000091000000| Untracked 
| 111|0x0000000091100000, 0x0000000091100000, 0x0000000091200000|  0%| F|  |TAMS 0x0000000091100000, 0x0000000091100000| Untracked 
| 112|0x0000000091200000, 0x0000000091200000, 0x0000000091300000|  0%| F|  |TAMS 0x0000000091200000, 0x0000000091200000| Untracked 
| 113|0x0000000091300000, 0x0000000091300000, 0x0000000091400000|  0%| F|  |TAMS 0x0000000091300000, 0x0000000091300000| Untracked 
| 114|0x0000000091400000, 0x0000000091400000, 0x0000000091500000|  0%| F|  |TAMS 0x0000000091400000, 0x0000000091400000| Untracked 
| 115|0x0000000091500000, 0x0000000091500000, 0x0000000091600000|  0%| F|  |TAMS 0x0000000091500000, 0x0000000091500000| Untracked 
| 116|0x0000000091600000, 0x0000000091600000, 0x0000000091700000|  0%| F|  |TAMS 0x0000000091600000, 0x0000000091600000| Untracked 
| 117|0x0000000091700000, 0x0000000091800000, 0x0000000091800000|100%| E|  |TAMS 0x0000000091700000, 0x0000000091700000| Complete 

Card table byte_map: [0x0000016aa5f20000,0x0000016aa62d0000] _byte_map_base: 0x0000016aa5acf000

Marking Bits (Prev, Next): (CMBitMap*) 0x0000016a8f355f10, (CMBitMap*) 0x0000016a8f355f50
 Prev Bits: [0x0000016aa6680000, 0x0000016aa83f8000)
 Next Bits: [0x0000016aa8400000, 0x0000016aaa178000)

Polling page: 0x0000016a8eaf0000

Metaspace:

Usage:
  Non-class:      8.04 MB used.
      Class:      1.07 MB used.
       Both:      9.11 MB used.

Virtual space:
  Non-class space:       16.00 MB reserved,       8.12 MB ( 51%) committed,  2 nodes.
      Class space:        1.00 GB reserved,       1.19 MB ( <1%) committed,  1 nodes.
             Both:        1.02 GB reserved,       9.31 MB ( <1%) committed. 

Chunk freelists:
   Non-Class:  3.00 MB
       Class:  2.73 MB
        Both:  5.73 MB

MaxMetaspaceSize: unlimited
CompressedClassSpaceSize: 1.00 GB
Initial GC threshold: 21.00 MB
Current GC threshold: 21.00 MB
CDS: on
MetaspaceReclaimPolicy: balanced
 - commit_granule_bytes: 65536.
 - commit_granule_words: 8192.
 - virtual_space_node_default_size: 1048576.
 - enlarge_chunks_in_place: 1.
 - new_chunks_are_fully_committed: 0.
 - uncommit_free_chunks: 1.
 - use_allocation_guard: 0.
 - handle_deallocations: 1.


Internal statistics:

num_allocs_failed_limit: 0.
num_arena_births: 118.
num_arena_deaths: 0.
num_vsnodes_births: 3.
num_vsnodes_deaths: 0.
num_space_committed: 149.
num_space_uncommitted: 0.
num_chunks_returned_to_freelist: 0.
num_chunks_taken_from_freelist: 172.
num_chunk_merges: 0.
num_chunk_splits: 91.
num_chunks_enlarged: 31.
num_purges: 0.
num_inconsistent_stats: 0.

CodeHeap 'non-profiled nmethods': size=120000Kb used=328Kb max_used=328Kb free=119672Kb
 bounds [0x0000016a9e640000, 0x0000016a9e8b0000, 0x0000016aa5b70000]
CodeHeap 'profiled nmethods': size=120000Kb used=2042Kb max_used=2042Kb free=117957Kb
 bounds [0x0000016a97110000, 0x0000016a97380000, 0x0000016a9e640000]
CodeHeap 'non-nmethods': size=5760Kb used=1290Kb max_used=1307Kb free=4469Kb
 bounds [0x0000016a96b70000, 0x0000016a96de0000, 0x0000016a97110000]
 total_blobs=1901 nmethods=1279 adapters=535
 compilation: enabled
              stopped_count=0, restarted_count=0
 full_count=0

Compilation events (20 events):
Event: 5.074 Thread 0x0000016aac60bd30 nmethod 1266 0x0000016a97306790 code [0x0000016a97306c00, 0x0000016a97309988]
Event: 5.074 Thread 0x0000016aac60bd30 1267       3       javax.swing.JComponent::getComponentGraphics (63 bytes)
Event: 5.074 Thread 0x0000016aac60bd30 nmethod 1267 0x0000016a9730a890 code [0x0000016a9730aae0, 0x0000016a9730b6a8]
Event: 5.074 Thread 0x0000016aac60bd30 1268       3       sun.java2d.pipe.BufferedPaints::setPaint (125 bytes)
Event: 5.075 Thread 0x0000016aac60bd30 nmethod 1268 0x0000016a9730ba10 code [0x0000016a9730bca0, 0x0000016a9730c868]
Event: 5.075 Thread 0x0000016aac60bd30 1269       1       sun.font.GlyphList::getNumGlyphs (5 bytes)
Event: 5.075 Thread 0x0000016aac60bd30 nmethod 1269 0x0000016a9e690410 code [0x0000016a9e6905a0, 0x0000016a9e690678]
Event: 5.075 Thread 0x0000016aac60bd30 1270       1       sun.font.GlyphList::getImages (5 bytes)
Event: 5.075 Thread 0x0000016aac60bd30 nmethod 1270 0x0000016a9e690710 code [0x0000016a9e6908a0, 0x0000016a9e690978]
Event: 5.075 Thread 0x0000016aac60bd30 1271       1       sun.font.GlyphList::getX (5 bytes)
Event: 5.075 Thread 0x0000016aac60bd30 nmethod 1271 0x0000016a9e690a10 code [0x0000016a9e690ba0, 0x0000016a9e690c78]
Event: 5.075 Thread 0x0000016aac60bd30 1272       1       sun.font.GlyphList::getY (5 bytes)
Event: 5.075 Thread 0x0000016aac60bd30 nmethod 1272 0x0000016a9e690d10 code [0x0000016a9e690ea0, 0x0000016a9e690f78]
Event: 5.075 Thread 0x0000016aac60bd30 1273       1       sun.font.GlyphList::getStrike (5 bytes)
Event: 5.075 Thread 0x0000016aac60bd30 nmethod 1273 0x0000016a9e691010 code [0x0000016a9e6911a0, 0x0000016a9e691278]
Event: 5.075 Thread 0x0000016aac60bd30 1274       1       sun.font.GlyphList::isSubPixPos (5 bytes)
Event: 5.075 Thread 0x0000016aac60bd30 nmethod 1274 0x0000016a9e691310 code [0x0000016a9e6914a0, 0x0000016a9e691578]
Event: 5.075 Thread 0x0000016aac60bd30 1275       1       sun.font.GlyphList::isRGBOrder (5 bytes)
Event: 5.075 Thread 0x0000016aac60bd30 nmethod 1275 0x0000016a9e691610 code [0x0000016a9e6917a0, 0x0000016a9e691878]
Event: 5.078 Thread 0x0000016aac6076e0 1276       4       sun.java2d.SunGraphics2D::invalidatePipe (41 bytes)

GC Heap History (2 events):
Event: 5.013 GC heap before
{Heap before GC invocations=0 (full 0):
 garbage-first heap   total 120832K, used 18432K [0x000000008a200000, 0x0000000100000000)
  region size 1024K, 13 young (13312K), 0 survivors (0K)
 Metaspace       used 9269K, committed 9472K, reserved 1064960K
  class space    used 1098K, committed 1216K, reserved 1048576K
}
Event: 5.018 GC heap after
{Heap after GC invocations=1 (full 0):
 garbage-first heap   total 120832K, used 8022K [0x000000008a200000, 0x0000000100000000)
  region size 1024K, 2 young (2048K), 2 survivors (2048K)
 Metaspace       used 9269K, committed 9472K, reserved 1064960K
  class space    used 1098K, committed 1216K, reserved 1048576K
}

Deoptimization events (16 events):
Event: 0.096 Thread 0x0000016a8f3199e0 Uncommon trap: trap_request=0xffffff45 fr.pc=0x0000016a9e64e9f4 relative=0x0000000000000894
Event: 0.096 Thread 0x0000016a8f3199e0 Uncommon trap: reason=unstable_if action=reinterpret pc=0x0000016a9e64e9f4 method=java.util.HashMap.putVal(ILjava/lang/Object;Ljava/lang/Object;ZZ)Ljava/lang/Object; @ 81 c2
Event: 0.096 Thread 0x0000016a8f3199e0 DEOPT PACKING pc=0x0000016a9e64e9f4 sp=0x0000002642bfe270
Event: 0.096 Thread 0x0000016a8f3199e0 DEOPT UNPACKING pc=0x0000016a96bc23a3 sp=0x0000002642bfe210 mode 2
Event: 0.401 Thread 0x0000016aad2e4510 Uncommon trap: trap_request=0xffffff45 fr.pc=0x0000016a9e672bf0 relative=0x00000000000003d0
Event: 0.401 Thread 0x0000016aad2e4510 Uncommon trap: reason=unstable_if action=reinterpret pc=0x0000016a9e672bf0 method=java.lang.StringLatin1.newString([BII)Ljava/lang/String; @ 1 c2
Event: 0.401 Thread 0x0000016aad2e4510 DEOPT PACKING pc=0x0000016a9e672bf0 sp=0x0000002644afeda0
Event: 0.401 Thread 0x0000016aad2e4510 DEOPT UNPACKING pc=0x0000016a96bc23a3 sp=0x0000002644afed80 mode 2
Event: 0.475 Thread 0x0000016a8f3199e0 Uncommon trap: trap_request=0xffffff45 fr.pc=0x0000016a9e66ff40 relative=0x0000000000000340
Event: 0.475 Thread 0x0000016a8f3199e0 Uncommon trap: reason=unstable_if action=reinterpret pc=0x0000016a9e66ff40 method=java.lang.StringUTF16.compress([CI[BII)I @ 20 c2
Event: 0.475 Thread 0x0000016a8f3199e0 DEOPT PACKING pc=0x0000016a9e66ff40 sp=0x0000002642bfcef0
Event: 0.475 Thread 0x0000016a8f3199e0 DEOPT UNPACKING pc=0x0000016a96bc23a3 sp=0x0000002642bfce70 mode 2
Event: 3.398 Thread 0x0000016aad2e31d0 Uncommon trap: trap_request=0xffffff45 fr.pc=0x0000016a9e6857b0 relative=0x00000000000000b0
Event: 3.398 Thread 0x0000016aad2e31d0 Uncommon trap: reason=unstable_if action=reinterpret pc=0x0000016a9e6857b0 method=java.awt.Component.inside(II)Z @ 13 c2
Event: 3.398 Thread 0x0000016aad2e31d0 DEOPT PACKING pc=0x0000016a9e6857b0 sp=0x00000026449feca0
Event: 3.398 Thread 0x0000016aad2e31d0 DEOPT UNPACKING pc=0x0000016a96bc23a3 sp=0x00000026449feb40 mode 2

Classes unloaded (0 events):
No events

Classes redefined (0 events):
No events

Internal exceptions (17 events):
Event: 0.074 Thread 0x0000016a8f3199e0 Exception <a 'sun/nio/fs/WindowsException'{0x0000000091630580}> (0x0000000091630580) 
thrown [t:\workspace\open\src\hotspot\share\prims\jni.cpp, line 516]
Event: 0.074 Thread 0x0000016a8f3199e0 Exception <a 'sun/nio/fs/WindowsException'{0x0000000091630b00}> (0x0000000091630b00) 
thrown [t:\workspace\open\src\hotspot\share\prims\jni.cpp, line 516]
Event: 0.075 Thread 0x0000016a8f3199e0 Exception <a 'sun/nio/fs/WindowsException'{0x0000000091632f58}> (0x0000000091632f58) 
thrown [t:\workspace\open\src\hotspot\share\prims\jni.cpp, line 516]
Event: 0.076 Thread 0x0000016a8f3199e0 Exception <a 'sun/nio/fs/WindowsException'{0x0000000091633a68}> (0x0000000091633a68) 
thrown [t:\workspace\open\src\hotspot\share\prims\jni.cpp, line 516]
Event: 0.110 Thread 0x0000016a8f3199e0 Exception <a 'java/lang/ClassNotFoundException'{0x0000000091500388}: sun/awt/resources/spi/awtProvider> (0x0000000091500388) 
thrown [t:\workspace\open\src\hotspot\share\classfile\systemDictionary.cpp, line 256]
Event: 0.132 Thread 0x0000016a8f3199e0 Exception <a 'java/io/FileNotFoundException'{0x0000000091553958}> (0x0000000091553958) 
thrown [t:\workspace\open\src\hotspot\share\prims\jni.cpp, line 516]
Event: 0.139 Thread 0x0000016a8f3199e0 Exception <a 'java/io/FileNotFoundException'{0x0000000091580850}> (0x0000000091580850) 
thrown [t:\workspace\open\src\hotspot\share\prims\jni.cpp, line 516]
Event: 0.177 Thread 0x0000016a8f3199e0 Exception <a 'java/lang/NoSuchMethodError'{0x00000000915c4ce8}: 'java.lang.Object java.lang.invoke.DirectMethodHandle$Holder.invokeStaticInit(java.lang.Object)'> (0x00000000915c4ce8) 
thrown [t:\workspace\open\src\hotspot\share\interpreter\linkResolver.cpp, line 766]
Event: 0.264 Thread 0x0000016a8f3199e0 Exception <a 'java/lang/NoSuchMethodError'{0x0000000091452e48}: 'void java.lang.invoke.DirectMethodHandle$Holder.invokeSpecial(java.lang.Object, java.lang.Object, java.lang.Object)'> (0x0000000091452e48) 
thrown [t:\workspace\open\src\hotspot\share\interpreter\linkResolver.cpp, line 766]
Event: 0.271 Thread 0x0000016a8f3199e0 Exception <a 'java/lang/NoSuchMethodError'{0x000000009147cfb0}: 'java.lang.Object java.lang.invoke.DirectMethodHandle$Holder.newInvokeSpecial(java.lang.Object, java.lang.Object, java.lang.Object, java.lang.Object, java.lang.Object)'> (0x000000009147cfb0) 
thrown [t:\workspace\open\src\hotspot\share\interpreter\linkResolver.cpp, line 766]
Event: 0.273 Thread 0x0000016a8f3199e0 Exception <a 'java/lang/NoSuchMethodError'{0x0000000091488bc0}: 'java.lang.Object java.lang.invoke.DirectMethodHandle$Holder.invokeStatic(java.lang.Object, int, java.lang.Object, java.lang.Object, java.lang.Object, java.lang.Object)'> (0x0000000091488bc0) 
thrown [t:\workspace\open\src\hotspot\share\interpreter\linkResolver.cpp, line 766]
Event: 0.277 Thread 0x0000016a8f3199e0 Exception <a 'java/lang/NoSuchMethodError'{0x00000000914ae380}: 'java.lang.Object java.lang.invoke.DirectMethodHandle$Holder.invokeStatic(java.lang.Object, int, java.lang.Object)'> (0x00000000914ae380) 
thrown [t:\workspace\open\src\hotspot\share\interpreter\linkResolver.cpp, line 766]
Event: 0.300 Thread 0x0000016a8f3199e0 Exception <a 'java/lang/ClassNotFoundException'{0x0000000091366958}: com/sun/swing/internal/plaf/metal/resources/spi/metalProvider> (0x0000000091366958) 
thrown [t:\workspace\open\src\hotspot\share\classfile\systemDictionary.cpp, line 256]
Event: 0.301 Thread 0x0000016a8f3199e0 Exception <a 'java/lang/ClassNotFoundException'{0x000000009136a800}: com/sun/swing/internal/plaf/basic/resources/spi/basicProvider> (0x000000009136a800) 
thrown [t:\workspace\open\src\hotspot\share\classfile\systemDictionary.cpp, line 256]
Event: 0.404 Thread 0x0000016aad2e4510 Exception <a 'java/lang/NoSuchMethodError'{0x00000000911b7dc0}: 'java.lang.Object java.lang.invoke.DirectMethodHandle$Holder.newInvokeSpecial(java.lang.Object, java.lang.Object, java.lang.Object, int, int, int, int, int)'> (0x00000000911b7dc0) 
thrown [t:\workspace\open\src\hotspot\share\interpreter\linkResolver.cpp, line 766]
Event: 0.448 Thread 0x0000016aad2e1e90 Exception <a 'java/lang/NoSuchMethodError'{0x000000009140fad0}: 'void java.lang.invoke.DirectMethodHandle$Holder.invokeVirtual(java.lang.Object, java.lang.Object)'> (0x000000009140fad0) 
thrown [t:\workspace\open\src\hotspot\share\interpreter\linkResolver.cpp, line 766]
Event: 0.462 Thread 0x0000016a8f3199e0 Exception <a 'java/lang/NoSuchMethodError'{0x0000000091239778}: 'void java.lang.invoke.DirectMethodHandle$Holder.invokeStaticInit(java.lang.Object)'> (0x0000000091239778) 
thrown [t:\workspace\open\src\hotspot\share\interpreter\linkResolver.cpp, line 766]

VM Operations (20 events):
Event: 0.077 Executing VM operation: HandshakeAllThreads
Event: 0.077 Executing VM operation: HandshakeAllThreads done
Event: 0.325 Executing VM operation: HandshakeAllThreads
Event: 0.325 Executing VM operation: HandshakeAllThreads done
Event: 0.422 Executing VM operation: HandshakeAllThreads
Event: 0.422 Executing VM operation: HandshakeAllThreads done
Event: 0.483 Executing VM operation: HandshakeAllThreads
Event: 0.484 Executing VM operation: HandshakeAllThreads done
Event: 0.538 Executing VM operation: HandshakeAllThreads
Event: 0.538 Executing VM operation: HandshakeAllThreads done
Event: 1.544 Executing VM operation: Cleanup
Event: 1.544 Executing VM operation: Cleanup done
Event: 2.552 Executing VM operation: Cleanup
Event: 2.552 Executing VM operation: Cleanup done
Event: 3.560 Executing VM operation: Cleanup
Event: 3.560 Executing VM operation: Cleanup done
Event: 4.565 Executing VM operation: Cleanup
Event: 4.565 Executing VM operation: Cleanup done
Event: 5.013 Executing VM operation: G1CollectForAllocation
Event: 5.018 Executing VM operation: G1CollectForAllocation done

Events (20 events):
Event: 0.636 loading class java/util/concurrent/TimeUnit$1 done
Event: 0.636 loading class java/awt/TextComponent done
Event: 1.139 loading class javax/swing/Timer$1
Event: 1.139 loading class javax/swing/Timer$1 done
Event: 1.348 loading class java/awt/event/MouseEvent$1
Event: 1.348 loading class sun/awt/AWTAccessor$MouseEventAccessor
Event: 1.348 loading class sun/awt/AWTAccessor$MouseEventAccessor done
Event: 1.348 loading class java/awt/event/MouseEvent$1 done
Event: 1.349 loading class java/awt/Cursor$CursorDisposer
Event: 1.349 loading class java/awt/Cursor$CursorDisposer done
Event: 1.349 loading class java/awt/Container$MouseEventTargetFilter
Event: 1.349 loading class java/awt/Container$EventTargetFilter
Event: 1.349 loading class java/awt/Container$EventTargetFilter done
Event: 1.349 loading class java/awt/Container$MouseEventTargetFilter done
Event: 1.349 loading class java/awt/LightweightDispatcher$1
Event: 1.349 loading class java/awt/LightweightDispatcher$1 done
Event: 1.350 loading class java/awt/event/MouseWheelEvent
Event: 1.350 loading class java/awt/event/MouseWheelEvent done
Event: 3.454 loading class java/awt/LightweightDispatcher$2
Event: 3.454 loading class java/awt/LightweightDispatcher$2 done


Dynamic libraries:
0x00007ff64c620000 - 0x00007ff64c630000 	C:\Program Files\Java\jdk-17.0.2\bin\java.exe
0x00007ff89acf0000 - 0x00007ff89af04000 	C:\Windows\SYSTEM32\ntdll.dll
0x00007ff89a910000 - 0x00007ff89a9d3000 	C:\Windows\System32\KERNEL32.DLL
0x00007ff8981b0000 - 0x00007ff89854c000 	C:\Windows\System32\KERNELBASE.dll
0x00007ff8989e0000 - 0x00007ff898af1000 	C:\Windows\System32\ucrtbase.dll
0x00007ff890540000 - 0x00007ff89055a000 	C:\Program Files\Java\jdk-17.0.2\bin\VCRUNTIME140.dll
0x00007ff893560000 - 0x00007ff893578000 	C:\Program Files\Java\jdk-17.0.2\bin\jli.dll
0x00007ff89a160000 - 0x00007ff89a20e000 	C:\Windows\System32\ADVAPI32.dll
0x00007ff89aa60000 - 0x00007ff89ab07000 	C:\Windows\System32\msvcrt.dll
0x00007ff89a7c0000 - 0x00007ff89a864000 	C:\Windows\System32\sechost.dll
0x00007ff898b60000 - 0x00007ff898c75000 	C:\Windows\System32\RPCRT4.dll
0x00007ff899ec0000 - 0x00007ff89a06d000 	C:\Windows\System32\USER32.dll
0x00007ff898550000 - 0x00007ff898576000 	C:\Windows\System32\win32u.dll
0x00007ff898d00000 - 0x00007ff898d29000 	C:\Windows\System32\GDI32.dll
0x00007ff8988c0000 - 0x00007ff8989d3000 	C:\Windows\System32\gdi32full.dll
0x00007ff898580000 - 0x00007ff89861a000 	C:\Windows\System32\msvcp_win.dll
0x00007ff8823f0000 - 0x00007ff88267e000 	C:\Windows\WinSxS\amd64_microsoft.windows.common-controls_6595b64144ccf1df_6.0.22621.608_none_a9444ca7c10bb01d\COMCTL32.dll
0x00007ff88f4f0000 - 0x00007ff88f4fa000 	C:\Windows\SYSTEM32\VERSION.dll
0x00007ff899e80000 - 0x00007ff899eb1000 	C:\Windows\System32\IMM32.DLL
0x00007ff890530000 - 0x00007ff89053c000 	C:\Program Files\Java\jdk-17.0.2\bin\vcruntime140_1.dll
0x00007ff849810000 - 0x00007ff84989d000 	C:\Program Files\Java\jdk-17.0.2\bin\msvcp140.dll
0x00007ff8465d0000 - 0x00007ff847191000 	C:\Program Files\Java\jdk-17.0.2\bin\server\jvm.dll
0x00007ff89a690000 - 0x00007ff89a698000 	C:\Windows\System32\PSAPI.DLL
0x00007ff890560000 - 0x00007ff890569000 	C:\Windows\SYSTEM32\WSOCK32.dll
0x00007ff898c80000 - 0x00007ff898cf1000 	C:\Windows\System32\WS2_32.dll
0x00007ff88f880000 - 0x00007ff88f8b4000 	C:\Windows\SYSTEM32\WINMM.dll
0x00007ff897180000 - 0x00007ff897198000 	C:\Windows\SYSTEM32\kernel.appcore.dll
0x00007ff88c620000 - 0x00007ff88c62a000 	C:\Program Files\Java\jdk-17.0.2\bin\jimage.dll
0x00007ff882fa0000 - 0x00007ff8831ce000 	C:\Windows\SYSTEM32\DBGHELP.DLL
0x00007ff898d30000 - 0x00007ff8990b9000 	C:\Windows\System32\combase.dll
0x00007ff89a070000 - 0x00007ff89a147000 	C:\Windows\System32\OLEAUT32.dll
0x00007ff87a5b0000 - 0x00007ff87a5e2000 	C:\Windows\SYSTEM32\dbgcore.DLL
0x00007ff898130000 - 0x00007ff8981ab000 	C:\Windows\System32\bcryptPrimitives.dll
0x00007ff886a20000 - 0x00007ff886a45000 	C:\Program Files\Java\jdk-17.0.2\bin\java.dll
0x00007ff852460000 - 0x00007ff852536000 	C:\Program Files\Java\jdk-17.0.2\bin\jsvml.dll
0x00007ff8991c0000 - 0x00007ff8999b0000 	C:\Windows\System32\SHELL32.dll
0x00007ff896100000 - 0x00007ff8969ce000 	C:\Windows\SYSTEM32\windows.storage.dll
0x00007ff895fc0000 - 0x00007ff8960fe000 	C:\Windows\SYSTEM32\wintypes.dll
0x00007ff899cb0000 - 0x00007ff899da1000 	C:\Windows\System32\SHCORE.dll
0x00007ff899db0000 - 0x00007ff899e0e000 	C:\Windows\System32\shlwapi.dll
0x00007ff898060000 - 0x00007ff898081000 	C:\Windows\SYSTEM32\profapi.dll
0x00007ff886620000 - 0x00007ff886639000 	C:\Program Files\Java\jdk-17.0.2\bin\net.dll
0x00007ff891650000 - 0x00007ff89177f000 	C:\Windows\SYSTEM32\WINHTTP.dll
0x00007ff897660000 - 0x00007ff8976c9000 	C:\Windows\system32\mswsock.dll
0x00007ff885a80000 - 0x00007ff885a96000 	C:\Program Files\Java\jdk-17.0.2\bin\nio.dll
0x00007ff885730000 - 0x00007ff885748000 	C:\Program Files\Java\jdk-17.0.2\bin\zip.dll
0x00007ff846440000 - 0x00007ff8465cf000 	C:\Program Files\Java\jdk-17.0.2\bin\awt.dll
0x00007ff895500000 - 0x00007ff895597000 	C:\Windows\SYSTEM32\apphelp.dll
0x00007ff895890000 - 0x00007ff8958bb000 	C:\Windows\system32\DWMAPI.DLL
0x00007ff895690000 - 0x00007ff89573b000 	C:\Windows\system32\uxtheme.dll
0x00007ff846340000 - 0x00007ff846440000 	C:\Windows\system32\opengl32.dll
0x00007ff883a30000 - 0x00007ff883a5d000 	C:\Windows\SYSTEM32\GLU32.dll
0x00007ff895910000 - 0x00007ff895946000 	C:\Windows\SYSTEM32\dxcore.dll
0x00007ff899b90000 - 0x00007ff899cae000 	C:\Windows\System32\MSCTF.dll
0x00007ff89ab10000 - 0x00007ff89acac000 	C:\Windows\System32\ole32.dll
0x00007ff8771c0000 - 0x00007ff877369000 	C:\Windows\system32\d3d9.dll
0x00007ff892620000 - 0x00007ff8927d8000 	C:\Windows\System32\DriverStore\FileRepository\u0375335.inf_amd64_7de275617d9da25a\B374868\aticfx64.dll
0x00007ff886b30000 - 0x00007ff886b64000 	C:\Windows\System32\DriverStore\FileRepository\u0375335.inf_amd64_7de275617d9da25a\B374868\atiu9p64.dll
0x00007ff8421a0000 - 0x00007ff842ef4000 	C:\Windows\System32\DriverStore\FileRepository\u0375335.inf_amd64_7de275617d9da25a\B374868\atiumd64.dll
0x0000000057fe0000 - 0x0000000058e53000 	C:\Windows\System32\DriverStore\FileRepository\u0375335.inf_amd64_7de275617d9da25a\B374868\atiumd6a.dll
0x00007ff89a210000 - 0x00007ff89a684000 	C:\Windows\System32\SETUPAPI.dll
0x00007ff897da0000 - 0x00007ff897ded000 	C:\Windows\SYSTEM32\POWRPROF.dll
0x00007ff897bb0000 - 0x00007ff897bc3000 	C:\Windows\SYSTEM32\UMPDC.dll
0x00007ff893750000 - 0x00007ff893780000 	C:\Windows\SYSTEM32\amdihk64.dll
0x00007ff8928f0000 - 0x00007ff892939000 	C:\Windows\SYSTEM32\directxdatabasehelper.dll
0x00007ff88f570000 - 0x00007ff88f59d000 	C:\Program Files\Java\jdk-17.0.2\bin\javajpeg.dll
0x00007ff849780000 - 0x00007ff849809000 	C:\Program Files\Java\jdk-17.0.2\bin\freetype.dll
0x00007ff846290000 - 0x00007ff846338000 	C:\Program Files\Java\jdk-17.0.2\bin\fontmanager.dll
0x00007ff89a6a0000 - 0x00007ff89a750000 	C:\Windows\System32\clbcatq.dll
0x00007ff894170000 - 0x00007ff894320000 	C:\Windows\SYSTEM32\WindowsCodecs.dll
0x00007ff8722b0000 - 0x00007ff87230e000 	C:\Windows\system32\dataexchange.dll
0x00007ff891210000 - 0x00007ff89147a000 	C:\Windows\system32\twinapi.appcore.dll
0x00007ff87ba40000 - 0x00007ff87bb6e000 	C:\Windows\SYSTEM32\textinputframework.dll
0x00007ff8950f0000 - 0x00007ff895223000 	C:\Windows\SYSTEM32\CoreMessaging.dll
0x00007ff892260000 - 0x00007ff8925cc000 	C:\Windows\SYSTEM32\CoreUIComponents.dll
0x00007ff8978e0000 - 0x00007ff8978ec000 	C:\Windows\SYSTEM32\CRYPTBASE.DLL

dbghelp: loaded successfully - version: 4.0.5 - missing functions: none
symbol engine: initialized successfully - sym options: 0x614 - pdb path: .;C:\Program Files\Java\jdk-17.0.2\bin;C:\Windows\SYSTEM32;C:\Windows\WinSxS\amd64_microsoft.windows.common-controls_6595b64144ccf1df_6.0.22621.608_none_a9444ca7c10bb01d;C:\Program Files\Java\jdk-17.0.2\bin\server;C:\Windows\System32\DriverStore\FileRepository\u0375335.inf_amd64_7de275617d9da25a\B374868

VM Arguments:
jvm_args: -Dfile.encoding=UTF-8 --module-path=C:\Users\amirs\Documents\NetBeansProjects\Hotel Management System\build\classes 
java_command: hotel.management.system.AddRooms
java_class_path (initial): C:\Users\amirs\Downloads\mysql-connector-java-8.0.28.jar;C:\Users\amirs\Documents\NetBeansProjects\Hotel Management System\build\classes
Launcher Type: SUN_STANDARD

[Global flags]
     intx CICompilerCount                          = 3                                         {product} {ergonomic}
     uint ConcGCThreads                            = 1                                         {product} {ergonomic}
     uint G1ConcRefinementThreads                  = 4                                         {product} {ergonomic}
   size_t G1HeapRegionSize                         = 1048576                                   {product} {ergonomic}
    uintx GCDrainStackTargetSize                   = 64                                        {product} {ergonomic}
   size_t InitialHeapSize                          = 123731968                                 {product} {ergonomic}
   size_t MarkStackSize                            = 4194304                                   {product} {ergonomic}
   size_t MaxHeapSize                              = 1977614336                                {product} {ergonomic}
   size_t MaxNewSize                               = 1185939456                                {product} {ergonomic}
   size_t MinHeapDeltaBytes                        = 1048576                                   {product} {ergonomic}
   size_t MinHeapSize                              = 8388608                                   {product} {ergonomic}
    uintx NonNMethodCodeHeapSize                   = 5832780                                {pd product} {ergonomic}
    uintx NonProfiledCodeHeapSize                  = 122912730                              {pd product} {ergonomic}
    uintx ProfiledCodeHeapSize                     = 122912730                              {pd product} {ergonomic}
    uintx ReservedCodeCacheSize                    = 251658240                              {pd product} {ergonomic}
     bool SegmentedCodeCache                       = true                                      {product} {ergonomic}
   size_t SoftMaxHeapSize                          = 1977614336                             {manageable} {ergonomic}
     bool UseCompressedClassPointers               = true                           {product lp64_product} {ergonomic}
     bool UseCompressedOops                        = true                           {product lp64_product} {ergonomic}
     bool UseG1GC                                  = true                                      {product} {ergonomic}
     bool UseLargePagesIndividualAllocation        = false                                  {pd product} {ergonomic}

Logging:
Log output configuration:
 #0: stdout all=warning uptime,level,tags
 #1: stderr all=off uptime,level,tags

Environment Variables:
JAVA_HOME=C:\Program Files\Java\jdk-19
PATH=C:\Program Files\Common Files\Oracle\Java\javapath;C:\Program Files (x86)\VMware\VMware Player\bin\;C:\Windows\system32;C:\Windows;C:\Windows\System32\Wbem;C:\Windows\System32\WindowsPowerShell\v1.0\;C:\Windows\System32\OpenSSH\;C:\Program Files\Git\cmd;C:\Program Files\MySQL\MySQL Shell 8.0\bin\;C:\Users\amirs\AppData\Local\Microsoft\WindowsApps;C:\Program Files\Java\jdk-19\bin;C:\Users\amirs\AppData\Local\Programs\Microsoft VS Code\bin;C:\Users\amirs\AppData\Local\GitHubDesktop\bin;C:\ProgramData\amirs\GitHubDesktop\bin;C:\Program Files\JetBrains\PyCharm Community Edition 2022.3.1\bin;
USERNAME=amirs
OS=Windows_NT
PROCESSOR_IDENTIFIER=AMD64 Family 23 Model 96 Stepping 1, AuthenticAMD



---------------  S Y S T E M  ---------------

OS:
 Windows 11 , 64 bit Build 22621 (10.0.22621.1344)
OS uptime: 1 days 2:19 hours
Hyper-V role detected

CPU: total 4 (initial active 4) (4 cores per cpu, 1 threads per core) family 23 model 96 stepping 1 microcode 0x0, cx8, cmov, fxsr, mmx, 3dnowpref, sse, sse2, sse3, ssse3, sse4a, sse4.1, sse4.2, popcnt, lzcnt, tsc, tscinvbit, avx, avx2, aes, clmul, bmi1, bmi2, adx, sha, fma, vzeroupper, clflush, clflushopt, hv

Memory: 4k page, system-wide physical 7541M (251M free)
TotalPageFile size 22698M (AvailPageFile size 0M)
current process WorkingSet (physical memory assigned to process): 107M, peak: 107M
current process commit charge ("private bytes"): 248M, peak: 248M

vm_info: Java HotSpot(TM) 64-Bit Server VM (17.0.2+8-LTS-86) for windows-amd64 JRE (17.0.2+8-LTS-86), built on Dec  7 2021 21:51:03 by "mach5one" with MS VC++ 16.8 / 16.9 (VS2019)

END.
