#
# There is insufficient memory for the Java Runtime Environment to continue.
# Native memory allocation (mmap) failed to map 123731968 bytes for G1 virtual space
# Possible reasons:
#   The system is out of physical RAM or swap space
#   The process is running with CompressedOops enabled, and the Java Heap may be blocking the growth of the native heap
# Possible solutions:
#   Reduce memory load on the system
#   Increase physical memory or swap space
#   Check if swap backing store is full
#   Decrease Java heap size (-Xmx/-Xms)
#   Decrease number of Java threads
#   Decrease Java thread stack sizes (-Xss)
#   Set larger code cache with -XX:ReservedCodeCacheSize=
#   JVM is running with Unscaled Compressed Oops mode in which the Java heap is
#     placed in the first 4GB address space. The Java Heap base address is the
#     maximum limit for the native heap growth. Please use -XX:HeapBaseMinAddress
#     to set the Java Heap base and to place the Java Heap above 4GB virtual address.
# This output file may be truncated or incomplete.
#
#  Out of Memory Error (os_windows.cpp:3532), pid=19600, tid=10152
#
# JRE version:  (17.0.2+8) (build )
# Java VM: Java HotSpot(TM) 64-Bit Server VM (17.0.2+8-LTS-86, mixed mode, sharing, tiered, compressed oops, compressed class ptrs, g1 gc, windows-amd64)
# No core dump will be written. Minidumps are not enabled by default on client versions of Windows
#

---------------  S U M M A R Y ------------

Command Line: -Dfile.encoding=UTF-8 --module-path=C:\Users\amirs\Documents\NetBeansProjects\Hotel Management System\build\classes hotel.management.system.AddCustomer

Host: AMD Ryzen 3 4300U with Radeon Graphics         , 4 cores, 7G,  Windows 11 , 64 bit Build 22621 (10.0.22621.1344)
Time: Tue Mar 14 22:40:21 2023 India Standard Time elapsed time: 0.039938 seconds (0d 0h 0m 0s)

---------------  T H R E A D  ---------------

Current thread (0x00000190c72883f0):  JavaThread "Unknown thread" [_thread_in_vm, id=10152, stack(0x0000002781100000,0x0000002781200000)]

Stack: [0x0000002781100000,0x0000002781200000]
Native frames: (J=compiled Java code, j=interpreted, Vv=VM code, C=native code)
V  [jvm.dll+0x670baa]
V  [jvm.dll+0x7cfcb4]
V  [jvm.dll+0x7d145e]
V  [jvm.dll+0x7d1ac3]
V  [jvm.dll+0x242bc5]
V  [jvm.dll+0x66dac9]
V  [jvm.dll+0x662412]
V  [jvm.dll+0x300c0b]
V  [jvm.dll+0x3081a6]
V  [jvm.dll+0x357d0e]
V  [jvm.dll+0x357f3f]
V  [jvm.dll+0x2d7ec8]
V  [jvm.dll+0x2d8e34]
V  [jvm.dll+0x7a18c1]
V  [jvm.dll+0x365a91]
V  [jvm.dll+0x780d2c]
V  [jvm.dll+0x3e845f]
V  [jvm.dll+0x3e9f01]
C  [jli.dll+0x527b]
C  [ucrtbase.dll+0x29363]
C  [KERNEL32.DLL+0x126bd]
C  [ntdll.dll+0x5a9f8]


---------------  P R O C E S S  ---------------

Threads class SMR info:
_java_thread_list=0x00007ff844e69858, length=0, elements={
}

Java Threads: ( => current thread )

Other Threads:
  0x00000190c72c5b90 GCTaskThread "GC Thread#0" [stack: 0x0000002781200000,0x0000002781300000] [id=14668]
  0x00000190c72d7b00 ConcurrentGCThread "G1 Main Marker" [stack: 0x0000002781300000,0x0000002781400000] [id=22028]
  0x00000190c72da2d0 ConcurrentGCThread "G1 Conc#0" [stack: 0x0000002781400000,0x0000002781500000] [id=8784]

[error occurred during error reporting (printing all threads), id 0xc0000005, EXCEPTION_ACCESS_VIOLATION (0xc0000005) at pc=0x00007ff8446b88a7]

VM state: not at safepoint (not fully initialized)

VM Mutex/Monitor currently owned by a thread:  ([mutex/lock_event])
[0x00000190c72856e0] Heap_lock - owner thread: 0x00000190c72883f0

Heap address: 0x000000008a200000, size: 1886 MB, Compressed Oops mode: 32-bit

CDS archive(s) mapped at: [0x0000000000000000-0x0000000000000000-0x0000000000000000), size 0, SharedBaseAddress: 0x0000000800000000, ArchiveRelocationMode: 0.
Narrow klass base: 0x0000000000000000, Narrow klass shift: 0, Narrow klass range: 0x0

GC Precious Log:
<Empty>

Heap:
 garbage-first heap   total 0K, used 0K [0x000000008a200000, 0x0000000100000000)
  region size 1024K, 0 young (0K), 0 survivors (0K)

[error occurred during error reporting (printing heap information), id 0xc0000005, EXCEPTION_ACCESS_VIOLATION (0xc0000005) at pc=0x00007ff844a99f19]

GC Heap History (0 events):
No events

Deoptimization events (0 events):
No events

Classes unloaded (0 events):
No events

Classes redefined (0 events):
No events

Internal exceptions (0 events):
No events

VM Operations (0 events):
No events

Events (1 events):
Event: 0.027 Loaded shared library C:\Program Files\Java\jdk-17.0.2\bin\java.dll


Dynamic libraries:
0x00007ff79e070000 - 0x00007ff79e080000 	C:\Program Files\Java\jdk-17.0.2\bin\java.exe
0x00007ff89acf0000 - 0x00007ff89af04000 	C:\Windows\SYSTEM32\ntdll.dll
0x00007ff89a910000 - 0x00007ff89a9d3000 	C:\Windows\System32\KERNEL32.DLL
0x00007ff8981b0000 - 0x00007ff89854c000 	C:\Windows\System32\KERNELBASE.dll
0x00007ff8989e0000 - 0x00007ff898af1000 	C:\Windows\System32\ucrtbase.dll
0x00007ff88f5b0000 - 0x00007ff88f5ca000 	C:\Program Files\Java\jdk-17.0.2\bin\VCRUNTIME140.dll
0x00007ff88bb70000 - 0x00007ff88bb88000 	C:\Program Files\Java\jdk-17.0.2\bin\jli.dll
0x00007ff89a160000 - 0x00007ff89a20e000 	C:\Windows\System32\ADVAPI32.dll
0x00007ff89aa60000 - 0x00007ff89ab07000 	C:\Windows\System32\msvcrt.dll
0x00007ff89a7c0000 - 0x00007ff89a864000 	C:\Windows\System32\sechost.dll
0x00007ff898b60000 - 0x00007ff898c75000 	C:\Windows\System32\RPCRT4.dll
0x00007ff899ec0000 - 0x00007ff89a06d000 	C:\Windows\System32\USER32.dll
0x00007ff898550000 - 0x00007ff898576000 	C:\Windows\System32\win32u.dll
0x00007ff898d00000 - 0x00007ff898d29000 	C:\Windows\System32\GDI32.dll
0x00007ff8988c0000 - 0x00007ff8989d3000 	C:\Windows\System32\gdi32full.dll
0x00007ff898580000 - 0x00007ff89861a000 	C:\Windows\System32\msvcp_win.dll
0x00007ff8823f0000 - 0x00007ff88267e000 	C:\Windows\WinSxS\amd64_microsoft.windows.common-controls_6595b64144ccf1df_6.0.22621.608_none_a9444ca7c10bb01d\COMCTL32.dll
0x00007ff88f4f0000 - 0x00007ff88f4fa000 	C:\Windows\SYSTEM32\VERSION.dll
0x00007ff899e80000 - 0x00007ff899eb1000 	C:\Windows\System32\IMM32.DLL
0x00007ff88fa50000 - 0x00007ff88fa5c000 	C:\Program Files\Java\jdk-17.0.2\bin\vcruntime140_1.dll
0x00007ff85e2c0000 - 0x00007ff85e34d000 	C:\Program Files\Java\jdk-17.0.2\bin\msvcp140.dll
0x00007ff8443d0000 - 0x00007ff844f91000 	C:\Program Files\Java\jdk-17.0.2\bin\server\jvm.dll
0x00007ff89a690000 - 0x00007ff89a698000 	C:\Windows\System32\PSAPI.DLL
0x00007ff893560000 - 0x00007ff893569000 	C:\Windows\SYSTEM32\WSOCK32.dll
0x00007ff898c80000 - 0x00007ff898cf1000 	C:\Windows\System32\WS2_32.dll
0x00007ff88f880000 - 0x00007ff88f8b4000 	C:\Windows\SYSTEM32\WINMM.dll
0x00007ff897180000 - 0x00007ff897198000 	C:\Windows\SYSTEM32\kernel.appcore.dll
0x00007ff88f9d0000 - 0x00007ff88f9da000 	C:\Program Files\Java\jdk-17.0.2\bin\jimage.dll
0x00007ff882fa0000 - 0x00007ff8831ce000 	C:\Windows\SYSTEM32\DBGHELP.DLL
0x00007ff898d30000 - 0x00007ff8990b9000 	C:\Windows\System32\combase.dll
0x00007ff89a070000 - 0x00007ff89a147000 	C:\Windows\System32\OLEAUT32.dll
0x00007ff87a5b0000 - 0x00007ff87a5e2000 	C:\Windows\SYSTEM32\dbgcore.DLL
0x00007ff898130000 - 0x00007ff8981ab000 	C:\Windows\System32\bcryptPrimitives.dll
0x00007ff88f540000 - 0x00007ff88f565000 	C:\Program Files\Java\jdk-17.0.2\bin\java.dll

dbghelp: loaded successfully - version: 4.0.5 - missing functions: none
symbol engine: initialized successfully - sym options: 0x614 - pdb path: .;C:\Program Files\Java\jdk-17.0.2\bin;C:\Windows\SYSTEM32;C:\Windows\WinSxS\amd64_microsoft.windows.common-controls_6595b64144ccf1df_6.0.22621.608_none_a9444ca7c10bb01d;C:\Program Files\Java\jdk-17.0.2\bin\server

VM Arguments:
jvm_args: -Dfile.encoding=UTF-8 --module-path=C:\Users\amirs\Documents\NetBeansProjects\Hotel Management System\build\classes 
java_command: hotel.management.system.AddCustomer
java_class_path (initial): C:\Users\amirs\Downloads\mysql-connector-java-8.0.28.jar;C:\Users\amirs\Documents\NetBeansProjects\Hotel Management System\build\classes
Launcher Type: SUN_STANDARD

[Global flags]
     intx CICompilerCount                          = 3                                         {product} {ergonomic}
     uint ConcGCThreads                            = 1                                         {product} {ergonomic}
     uint G1ConcRefinementThreads                  = 4                                         {product} {ergonomic}
   size_t G1HeapRegionSize                         = 1048576                                   {product} {ergonomic}
    uintx GCDrainStackTargetSize                   = 64                                        {product} {ergonomic}
   size_t InitialHeapSize                          = 123731968                                 {product} {ergonomic}
   size_t MarkStackSize                            = 4194304                                   {product} {ergonomic}
   size_t MaxHeapSize                              = 1977614336                                {product} {ergonomic}
   size_t MinHeapDeltaBytes                        = 1048576                                   {product} {ergonomic}
   size_t MinHeapSize                              = 8388608                                   {product} {ergonomic}
    uintx NonNMethodCodeHeapSize                   = 5832780                                {pd product} {ergonomic}
    uintx NonProfiledCodeHeapSize                  = 122912730                              {pd product} {ergonomic}
    uintx ProfiledCodeHeapSize                     = 122912730                              {pd product} {ergonomic}
    uintx ReservedCodeCacheSize                    = 251658240                              {pd product} {ergonomic}
     bool SegmentedCodeCache                       = true                                      {product} {ergonomic}
   size_t SoftMaxHeapSize                          = 1977614336                             {manageable} {ergonomic}
     bool UseCompressedClassPointers               = true                           {product lp64_product} {ergonomic}
     bool UseCompressedOops                        = true                           {product lp64_product} {ergonomic}
     bool UseG1GC                                  = true                                      {product} {ergonomic}
     bool UseLargePagesIndividualAllocation        = false                                  {pd product} {ergonomic}

Logging:
Log output configuration:
 #0: stdout all=warning uptime,level,tags
 #1: stderr all=off uptime,level,tags

Environment Variables:
JAVA_HOME=C:\Program Files\Java\jdk-19
PATH=C:\Program Files\Common Files\Oracle\Java\javapath;C:\Program Files (x86)\VMware\VMware Player\bin\;C:\Windows\system32;C:\Windows;C:\Windows\System32\Wbem;C:\Windows\System32\WindowsPowerShell\v1.0\;C:\Windows\System32\OpenSSH\;C:\Program Files\Git\cmd;C:\Program Files\MySQL\MySQL Shell 8.0\bin\;C:\Users\amirs\AppData\Local\Microsoft\WindowsApps;C:\Program Files\Java\jdk-19\bin;C:\Users\amirs\AppData\Local\Programs\Microsoft VS Code\bin;C:\Users\amirs\AppData\Local\GitHubDesktop\bin;C:\ProgramData\amirs\GitHubDesktop\bin;C:\Program Files\JetBrains\PyCharm Community Edition 2022.3.1\bin;
USERNAME=amirs
OS=Windows_NT
PROCESSOR_IDENTIFIER=AMD64 Family 23 Model 96 Stepping 1, AuthenticAMD



---------------  S Y S T E M  ---------------

OS:
 Windows 11 , 64 bit Build 22621 (10.0.22621.1344)
OS uptime: 1 days 13:39 hours
Hyper-V role detected

CPU: total 4 (initial active 4) (4 cores per cpu, 1 threads per core) family 23 model 96 stepping 1 microcode 0x0, cx8, cmov, fxsr, mmx, 3dnowpref, sse, sse2, sse3, ssse3, sse4a, sse4.1, sse4.2, popcnt, lzcnt, tsc, tscinvbit, avx, avx2, aes, clmul, bmi1, bmi2, adx, sha, fma, vzeroupper, clflush, clflushopt, hv

Memory: 4k page, system-wide physical 7541M (472M free)
TotalPageFile size 22680M (AvailPageFile size 101M)
current process WorkingSet (physical memory assigned to process): 11M, peak: 11M
current process commit charge ("private bytes"): 51M, peak: 169M

vm_info: Java HotSpot(TM) 64-Bit Server VM (17.0.2+8-LTS-86) for windows-amd64 JRE (17.0.2+8-LTS-86), built on Dec  7 2021 21:51:03 by "mach5one" with MS VC++ 16.8 / 16.9 (VS2019)

END.
